[1.317s] Invoking command in '/home/aa/ujin/ros_ws/build/ujin_basic': PYTHONPATH=/home/aa/ujin/ros_ws/build/ujin_basic/prefix_override:/usr/lib/python3/dist-packages/colcon_core/task/python/colcon_distutils_commands:/home/aa/ujin/ros_ws/install/ujin_basic/lib/python3.12/site-packages:${PYTHONPATH} /usr/bin/python3 -W ignore:setup.py install is deprecated -W ignore:easy_install command is deprecated setup.py develop --editable --build-directory /home/aa/ujin/ros_ws/build/ujin_basic/build --no-deps symlink_data
[1.634s] running develop
[1.821s] running egg_info
[1.835s] writing ujin_basic.egg-info/PKG-INFO
[1.836s] writing dependency_links to ujin_basic.egg-info/dependency_links.txt
[1.837s] writing entry points to ujin_basic.egg-info/entry_points.txt
[1.837s] writing requirements to ujin_basic.egg-info/requires.txt
[1.838s] writing top-level names to ujin_basic.egg-info/top_level.txt
[1.874s] reading manifest file 'ujin_basic.egg-info/SOURCES.txt'
[1.875s] writing manifest file 'ujin_basic.egg-info/SOURCES.txt'
[1.892s] running build_ext
[1.892s] Creating /home/aa/ujin/ros_ws/install/ujin_basic/lib/python3.12/site-packages/ujin-basic.egg-link (link to .)
[1.898s] Installing class_pub script to /home/aa/ujin/ros_ws/install/ujin_basic/lib/ujin_basic
[1.898s] Installing class_sub script to /home/aa/ujin/ros_ws/install/ujin_basic/lib/ujin_basic
[1.899s] Installing header_pub script to /home/aa/ujin/ros_ws/install/ujin_basic/lib/ujin_basic
[1.899s] Installing simple_pub script to /home/aa/ujin/ros_ws/install/ujin_basic/lib/ujin_basic
[1.899s] 
[1.900s] Installed /home/aa/ujin/ros_ws/build/ujin_basic
[1.900s] running symlink_data
[1.933s] Invoked command in '/home/aa/ujin/ros_ws/build/ujin_basic' returned '0': PYTHONPATH=/home/aa/ujin/ros_ws/build/ujin_basic/prefix_override:/usr/lib/python3/dist-packages/colcon_core/task/python/colcon_distutils_commands:/home/aa/ujin/ros_ws/install/ujin_basic/lib/python3.12/site-packages:${PYTHONPATH} /usr/bin/python3 -W ignore:setup.py install is deprecated -W ignore:easy_install command is deprecated setup.py develop --editable --build-directory /home/aa/ujin/ros_ws/build/ujin_basic/build --no-deps symlink_data
