[1.133s] Invoking command in '/home/aa/ujin/ros_ws/build/ujin_basic': PYTHONPATH=/home/aa/ujin/ros_ws/build/ujin_basic/prefix_override:/usr/lib/python3/dist-packages/colcon_core/task/python/colcon_distutils_commands:/home/aa/ujin/ros_ws/install/ujin_basic/lib/python3.12/site-packages:${PYTHONPATH} /usr/bin/python3 -W ignore:setup.py install is deprecated -W ignore:easy_install command is deprecated setup.py develop --editable --build-directory /home/aa/ujin/ros_ws/build/ujin_basic/build --no-deps symlink_data
[1.456s] running develop
[1.607s] running egg_info
[1.628s] writing ujin_basic.egg-info/PKG-INFO
[1.628s] writing dependency_links to ujin_basic.egg-info/dependency_links.txt
[1.629s] writing entry points to ujin_basic.egg-info/entry_points.txt
[1.629s] writing requirements to ujin_basic.egg-info/requires.txt
[1.629s] writing top-level names to ujin_basic.egg-info/top_level.txt
[1.657s] reading manifest file 'ujin_basic.egg-info/SOURCES.txt'
[1.657s] writing manifest file 'ujin_basic.egg-info/SOURCES.txt'
[1.673s] running build_ext
[1.673s] Creating /home/aa/ujin/ros_ws/install/ujin_basic/lib/python3.12/site-packages/ujin-basic.egg-link (link to .)
[1.674s] Installing class_pub script to /home/aa/ujin/ros_ws/install/ujin_basic/lib/ujin_basic
[1.674s] Installing class_sub script to /home/aa/ujin/ros_ws/install/ujin_basic/lib/ujin_basic
[1.675s] Installing header_pub script to /home/aa/ujin/ros_ws/install/ujin_basic/lib/ujin_basic
[1.675s] Installing m2sub script to /home/aa/ujin/ros_ws/install/ujin_basic/lib/ujin_basic
[1.675s] Installing mpub script to /home/aa/ujin/ros_ws/install/ujin_basic/lib/ujin_basic
[1.675s] Installing msub script to /home/aa/ujin/ros_ws/install/ujin_basic/lib/ujin_basic
[1.676s] Installing mtsub script to /home/aa/ujin/ros_ws/install/ujin_basic/lib/ujin_basic
[1.676s] Installing simple_pub script to /home/aa/ujin/ros_ws/install/ujin_basic/lib/ujin_basic
[1.676s] Installing tpub script to /home/aa/ujin/ros_ws/install/ujin_basic/lib/ujin_basic
[1.677s] 
[1.677s] Installed /home/aa/ujin/ros_ws/build/ujin_basic
[1.677s] running symlink_data
[1.707s] Invoked command in '/home/aa/ujin/ros_ws/build/ujin_basic' returned '0': PYTHONPATH=/home/aa/ujin/ros_ws/build/ujin_basic/prefix_override:/usr/lib/python3/dist-packages/colcon_core/task/python/colcon_distutils_commands:/home/aa/ujin/ros_ws/install/ujin_basic/lib/python3.12/site-packages:${PYTHONPATH} /usr/bin/python3 -W ignore:setup.py install is deprecated -W ignore:easy_install command is deprecated setup.py develop --editable --build-directory /home/aa/ujin/ros_ws/build/ujin_basic/build --no-deps symlink_data
