[1.648s] Invoking command in '/home/aa/ujin/ros_ws/build/ujin_basic': PYTHONPATH=/home/aa/ujin/ros_ws/build/ujin_basic/prefix_override:/usr/lib/python3/dist-packages/colcon_core/task/python/colcon_distutils_commands:/home/aa/ujin/ros_ws/install/ujin_basic/lib/python3.12/site-packages:${PYTHONPATH} /usr/bin/python3 -W ignore:setup.py install is deprecated -W ignore:easy_install command is deprecated setup.py develop --editable --build-directory /home/aa/ujin/ros_ws/build/ujin_basic/build --no-deps symlink_data
[1.998s] running develop
[2.190s] running egg_info
[2.204s] writing ujin_basic.egg-info/PKG-INFO
[2.206s] writing dependency_links to ujin_basic.egg-info/dependency_links.txt
[2.206s] writing entry points to ujin_basic.egg-info/entry_points.txt
[2.207s] writing requirements to ujin_basic.egg-info/requires.txt
[2.208s] writing top-level names to ujin_basic.egg-info/top_level.txt
[2.239s] reading manifest file 'ujin_basic.egg-info/SOURCES.txt'
[2.243s] writing manifest file 'ujin_basic.egg-info/SOURCES.txt'
[2.264s] running build_ext
[2.264s] Creating /home/aa/ujin/ros_ws/install/ujin_basic/lib/python3.12/site-packages/ujin-basic.egg-link (link to .)
[2.264s] Installing class_pub script to /home/aa/ujin/ros_ws/install/ujin_basic/lib/ujin_basic
[2.265s] Installing class_sub script to /home/aa/ujin/ros_ws/install/ujin_basic/lib/ujin_basic
[2.265s] Installing header_pub script to /home/aa/ujin/ros_ws/install/ujin_basic/lib/ujin_basic
[2.265s] Installing simple_pub script to /home/aa/ujin/ros_ws/install/ujin_basic/lib/ujin_basic
[2.265s] 
[2.265s] Installed /home/aa/ujin/ros_ws/build/ujin_basic
[2.266s] running symlink_data
[2.298s] Invoked command in '/home/aa/ujin/ros_ws/build/ujin_basic' returned '0': PYTHONPATH=/home/aa/ujin/ros_ws/build/ujin_basic/prefix_override:/usr/lib/python3/dist-packages/colcon_core/task/python/colcon_distutils_commands:/home/aa/ujin/ros_ws/install/ujin_basic/lib/python3.12/site-packages:${PYTHONPATH} /usr/bin/python3 -W ignore:setup.py install is deprecated -W ignore:easy_install command is deprecated setup.py develop --editable --build-directory /home/aa/ujin/ros_ws/build/ujin_basic/build --no-deps symlink_data
