[0.350s] DEBUG:colcon:Command line arguments: ['/usr/bin/colcon', 'build', '--symlink-install']
[0.350s] DEBUG:colcon:Parsed command line arguments: Namespace(log_base=None, log_level=None, verb_name='build', build_base='build', install_base='install', merge_install=False, symlink_install=True, test_result_base=None, continue_on_error=False, executor='parallel', parallel_workers=14, event_handlers=None, ignore_user_meta=False, metas=['./colcon.meta'], base_paths=['.'], packages_ignore=None, packages_ignore_regex=None, paths=None, packages_up_to=None, packages_up_to_regex=None, packages_above=None, packages_above_and_dependencies=None, packages_above_depth=None, packages_select_by_dep=None, packages_skip_by_dep=None, packages_skip_up_to=None, packages_select_build_failed=False, packages_skip_build_finished=False, packages_select_test_failures=False, packages_skip_test_passed=False, packages_select=None, packages_skip=None, packages_select_regex=None, packages_skip_regex=None, packages_start=None, packages_end=None, allow_overriding=[], cmake_args=None, cmake_target=None, cmake_target_skip_unavailable=False, cmake_clean_cache=False, cmake_clean_first=False, cmake_force_configure=False, ament_cmake_args=None, catkin_cmake_args=None, catkin_skip_building_tests=False, mixin_files=None, mixin=None, verb_parser=<colcon_mixin.mixin.mixin_argument.MixinArgumentDecorator object at 0x79bdd8575bb0>, verb_extension=<colcon_core.verb.build.BuildVerb object at 0x79bdd85758b0>, main=<bound method BuildVerb.main of <colcon_core.verb.build.BuildVerb object at 0x79bdd85758b0>>, mixin_verb=('build',))
[0.492s] Level 1:colcon.colcon_core.package_discovery:discover_packages(colcon_meta) check parameters
[0.493s] Level 1:colcon.colcon_core.package_discovery:discover_packages(recursive) check parameters
[0.493s] Level 1:colcon.colcon_core.package_discovery:discover_packages(ignore) check parameters
[0.493s] Level 1:colcon.colcon_core.package_discovery:discover_packages(path) check parameters
[0.493s] Level 1:colcon.colcon_core.package_discovery:discover_packages(colcon_meta) discover
[0.493s] Level 1:colcon.colcon_core.package_discovery:discover_packages(recursive) discover
[0.493s] INFO:colcon.colcon_core.package_discovery:Crawling recursively for packages in '/home/aa/ujin/ros_ws'
[0.494s] Level 1:colcon.colcon_core.package_identification:_identify(.) by extensions ['ignore', 'ignore_ament_install']
[0.494s] Level 1:colcon.colcon_core.package_identification:_identify(.) by extension 'ignore'
[0.494s] Level 1:colcon.colcon_core.package_identification:_identify(.) by extension 'ignore_ament_install'
[0.494s] Level 1:colcon.colcon_core.package_identification:_identify(.) by extensions ['colcon_pkg']
[0.494s] Level 1:colcon.colcon_core.package_identification:_identify(.) by extension 'colcon_pkg'
[0.494s] Level 1:colcon.colcon_core.package_identification:_identify(.) by extensions ['colcon_meta']
[0.494s] Level 1:colcon.colcon_core.package_identification:_identify(.) by extension 'colcon_meta'
[0.494s] Level 1:colcon.colcon_core.package_identification:_identify(.) by extensions ['ros']
[0.494s] Level 1:colcon.colcon_core.package_identification:_identify(.) by extension 'ros'
[0.556s] Level 1:colcon.colcon_core.package_identification:_identify(.) by extensions ['cmake', 'python']
[0.556s] Level 1:colcon.colcon_core.package_identification:_identify(.) by extension 'cmake'
[0.556s] Level 1:colcon.colcon_core.package_identification:_identify(.) by extension 'python'
[0.556s] Level 1:colcon.colcon_core.package_identification:_identify(.) by extensions ['python_setup_py']
[0.556s] Level 1:colcon.colcon_core.package_identification:_identify(.) by extension 'python_setup_py'
[0.556s] Level 1:colcon.colcon_core.package_identification:_identify(build) by extensions ['ignore', 'ignore_ament_install']
[0.557s] Level 1:colcon.colcon_core.package_identification:_identify(build) by extension 'ignore'
[0.557s] Level 1:colcon.colcon_core.package_identification:_identify(build) ignored
[0.557s] Level 1:colcon.colcon_core.package_identification:_identify(install) by extensions ['ignore', 'ignore_ament_install']
[0.557s] Level 1:colcon.colcon_core.package_identification:_identify(install) by extension 'ignore'
[0.557s] Level 1:colcon.colcon_core.package_identification:_identify(install) ignored
[0.557s] Level 1:colcon.colcon_core.package_identification:_identify(log) by extensions ['ignore', 'ignore_ament_install']
[0.557s] Level 1:colcon.colcon_core.package_identification:_identify(log) by extension 'ignore'
[0.558s] Level 1:colcon.colcon_core.package_identification:_identify(log) ignored
[0.558s] Level 1:colcon.colcon_core.package_identification:_identify(src) by extensions ['ignore', 'ignore_ament_install']
[0.558s] Level 1:colcon.colcon_core.package_identification:_identify(src) by extension 'ignore'
[0.558s] Level 1:colcon.colcon_core.package_identification:_identify(src) by extension 'ignore_ament_install'
[0.558s] Level 1:colcon.colcon_core.package_identification:_identify(src) by extensions ['colcon_pkg']
[0.558s] Level 1:colcon.colcon_core.package_identification:_identify(src) by extension 'colcon_pkg'
[0.558s] Level 1:colcon.colcon_core.package_identification:_identify(src) by extensions ['colcon_meta']
[0.558s] Level 1:colcon.colcon_core.package_identification:_identify(src) by extension 'colcon_meta'
[0.558s] Level 1:colcon.colcon_core.package_identification:_identify(src) by extensions ['ros']
[0.559s] Level 1:colcon.colcon_core.package_identification:_identify(src) by extension 'ros'
[0.559s] Level 1:colcon.colcon_core.package_identification:_identify(src) by extensions ['cmake', 'python']
[0.559s] Level 1:colcon.colcon_core.package_identification:_identify(src) by extension 'cmake'
[0.559s] Level 1:colcon.colcon_core.package_identification:_identify(src) by extension 'python'
[0.559s] Level 1:colcon.colcon_core.package_identification:_identify(src) by extensions ['python_setup_py']
[0.559s] Level 1:colcon.colcon_core.package_identification:_identify(src) by extension 'python_setup_py'
[0.559s] Level 1:colcon.colcon_core.package_identification:_identify(src/ujin_basic) by extensions ['ignore', 'ignore_ament_install']
[0.559s] Level 1:colcon.colcon_core.package_identification:_identify(src/ujin_basic) by extension 'ignore'
[0.559s] Level 1:colcon.colcon_core.package_identification:_identify(src/ujin_basic) by extension 'ignore_ament_install'
[0.560s] Level 1:colcon.colcon_core.package_identification:_identify(src/ujin_basic) by extensions ['colcon_pkg']
[0.560s] Level 1:colcon.colcon_core.package_identification:_identify(src/ujin_basic) by extension 'colcon_pkg'
[0.560s] Level 1:colcon.colcon_core.package_identification:_identify(src/ujin_basic) by extensions ['colcon_meta']
[0.560s] Level 1:colcon.colcon_core.package_identification:_identify(src/ujin_basic) by extension 'colcon_meta'
[0.560s] Level 1:colcon.colcon_core.package_identification:_identify(src/ujin_basic) by extensions ['ros']
[0.560s] Level 1:colcon.colcon_core.package_identification:_identify(src/ujin_basic) by extension 'ros'
[0.567s] DEBUG:colcon.colcon_core.package_identification:Package 'src/ujin_basic' with type 'ros.ament_python' and name 'ujin_basic'
[0.567s] Level 1:colcon.colcon_core.package_discovery:discover_packages(recursive) using defaults
[0.567s] Level 1:colcon.colcon_core.package_discovery:discover_packages(ignore) discover
[0.567s] Level 1:colcon.colcon_core.package_discovery:discover_packages(ignore) using defaults
[0.567s] Level 1:colcon.colcon_core.package_discovery:discover_packages(path) discover
[0.567s] Level 1:colcon.colcon_core.package_discovery:discover_packages(path) using defaults
[0.607s] Level 1:colcon.colcon_core.package_discovery:discover_packages(prefix_path) check parameters
[0.607s] Level 1:colcon.colcon_core.package_discovery:discover_packages(prefix_path) discover
[0.614s] DEBUG:colcon.colcon_installed_package_information.package_discovery:Found 1 installed packages in /home/aa/ujin/ros_ws/install
[0.618s] DEBUG:colcon.colcon_installed_package_information.package_discovery:Found 287 installed packages in /opt/ros/jazzy
[0.620s] Level 1:colcon.colcon_core.package_discovery:discover_packages(prefix_path) using defaults
[0.787s] Level 5:colcon.colcon_core.verb:set package 'ujin_basic' build argument 'cmake_args' from command line to 'None'
[0.788s] Level 5:colcon.colcon_core.verb:set package 'ujin_basic' build argument 'cmake_target' from command line to 'None'
[0.788s] Level 5:colcon.colcon_core.verb:set package 'ujin_basic' build argument 'cmake_target_skip_unavailable' from command line to 'False'
[0.788s] Level 5:colcon.colcon_core.verb:set package 'ujin_basic' build argument 'cmake_clean_cache' from command line to 'False'
[0.788s] Level 5:colcon.colcon_core.verb:set package 'ujin_basic' build argument 'cmake_clean_first' from command line to 'False'
[0.788s] Level 5:colcon.colcon_core.verb:set package 'ujin_basic' build argument 'cmake_force_configure' from command line to 'False'
[0.788s] Level 5:colcon.colcon_core.verb:set package 'ujin_basic' build argument 'ament_cmake_args' from command line to 'None'
[0.788s] Level 5:colcon.colcon_core.verb:set package 'ujin_basic' build argument 'catkin_cmake_args' from command line to 'None'
[0.788s] Level 5:colcon.colcon_core.verb:set package 'ujin_basic' build argument 'catkin_skip_building_tests' from command line to 'False'
[0.789s] DEBUG:colcon.colcon_core.verb:Building package 'ujin_basic' with the following arguments: {'ament_cmake_args': None, 'build_base': '/home/aa/ujin/ros_ws/build/ujin_basic', 'catkin_cmake_args': None, 'catkin_skip_building_tests': False, 'cmake_args': None, 'cmake_clean_cache': False, 'cmake_clean_first': False, 'cmake_force_configure': False, 'cmake_target': None, 'cmake_target_skip_unavailable': False, 'install_base': '/home/aa/ujin/ros_ws/install/ujin_basic', 'merge_install': False, 'path': '/home/aa/ujin/ros_ws/src/ujin_basic', 'symlink_install': True, 'test_result_base': None}
[0.789s] INFO:colcon.colcon_core.executor:Executing jobs using 'parallel' executor
[0.791s] DEBUG:colcon.colcon_parallel_executor.executor.parallel:run_until_complete
[0.791s] INFO:colcon.colcon_ros.task.ament_python.build:Building ROS package in '/home/aa/ujin/ros_ws/src/ujin_basic' with build type 'ament_python'
[0.791s] Level 1:colcon.colcon_core.shell:create_environment_hook('ujin_basic', 'ament_prefix_path')
[0.802s] INFO:colcon.colcon_core.plugin_system:Skipping extension 'colcon_core.shell.bat': Not used on non-Windows systems
[0.802s] INFO:colcon.colcon_core.shell:Creating environment hook '/home/aa/ujin/ros_ws/install/ujin_basic/share/ujin_basic/hook/ament_prefix_path.ps1'
[0.803s] INFO:colcon.colcon_core.shell:Creating environment descriptor '/home/aa/ujin/ros_ws/install/ujin_basic/share/ujin_basic/hook/ament_prefix_path.dsv'
[0.804s] INFO:colcon.colcon_core.shell:Creating environment hook '/home/aa/ujin/ros_ws/install/ujin_basic/share/ujin_basic/hook/ament_prefix_path.sh'
[0.806s] INFO:colcon.colcon_core.shell:Skip shell extension 'powershell' for command environment: Not usable outside of PowerShell
[0.806s] DEBUG:colcon.colcon_core.shell:Skip shell extension 'dsv' for command environment
[1.132s] INFO:colcon.colcon_core.task.python.build:Building Python package in '/home/aa/ujin/ros_ws/src/ujin_basic'
[1.133s] INFO:colcon.colcon_core.shell:Skip shell extension 'powershell' for command environment: Not usable outside of PowerShell
[1.133s] DEBUG:colcon.colcon_core.shell:Skip shell extension 'dsv' for command environment
[2.125s] DEBUG:colcon.colcon_core.task.python.build:Available setuptools commands: check, egg_info, build_py, clean, editable_wheel, register, install_scripts, update_catalog, install_egg_info, test, build_ext, build_clib, init_catalog, install_data, compile_catalog, symlink_data, alias, extract_messages, setopt, sdist, install_lib, install, build, install_headers, bdist_rpm, build_scripts, dist_info, rotate, bdist_dumb, easy_install, bdist, develop, saveopts, bdist_egg, upload_docs, upload
[2.475s] DEBUG:colcon.colcon_core.task.python.build:Available setuptools 'develop' options: --index-url, --install-dir, --help, --uninstall, --multi-version, --user, --find-links, --allow-hosts, --always-copy, --editable, --upgrade, --egg-path, --site-dirs, --dry-run, --no-deps, --version, --always-unzip, --optimize, --local-snapshots-ok, --no-user-cfg, --record, --prefix, --install-layout, --verbose, --force-installation-into-system-dir, --quiet, --no-find-links, --build-directory, --script-dir, --zip-ok, --exclude-scripts
[2.477s] DEBUG:colcon.colcon_core.event_handler.log_command:Invoking command in '/home/aa/ujin/ros_ws/build/ujin_basic': PYTHONPATH=/home/aa/ujin/ros_ws/build/ujin_basic/prefix_override:/usr/lib/python3/dist-packages/colcon_core/task/python/colcon_distutils_commands:/home/aa/ujin/ros_ws/install/ujin_basic/lib/python3.12/site-packages:${PYTHONPATH} /usr/bin/python3 -W ignore:setup.py install is deprecated -W ignore:easy_install command is deprecated setup.py develop --editable --build-directory /home/aa/ujin/ros_ws/build/ujin_basic/build --no-deps symlink_data
[3.282s] Level 1:colcon.colcon_core.shell:create_environment_hook('ujin_basic', 'pythonpath_develop')
[3.282s] INFO:colcon.colcon_core.shell:Creating environment hook '/home/aa/ujin/ros_ws/build/ujin_basic/share/ujin_basic/hook/pythonpath_develop.ps1'
[3.282s] DEBUG:colcon.colcon_core.event_handler.log_command:Invoked command in '/home/aa/ujin/ros_ws/build/ujin_basic' returned '0': PYTHONPATH=/home/aa/ujin/ros_ws/build/ujin_basic/prefix_override:/usr/lib/python3/dist-packages/colcon_core/task/python/colcon_distutils_commands:/home/aa/ujin/ros_ws/install/ujin_basic/lib/python3.12/site-packages:${PYTHONPATH} /usr/bin/python3 -W ignore:setup.py install is deprecated -W ignore:easy_install command is deprecated setup.py develop --editable --build-directory /home/aa/ujin/ros_ws/build/ujin_basic/build --no-deps symlink_data
[3.283s] INFO:colcon.colcon_core.shell:Creating environment descriptor '/home/aa/ujin/ros_ws/build/ujin_basic/share/ujin_basic/hook/pythonpath_develop.dsv'
[3.283s] INFO:colcon.colcon_core.shell:Creating environment hook '/home/aa/ujin/ros_ws/build/ujin_basic/share/ujin_basic/hook/pythonpath_develop.sh'
[3.293s] Level 1:colcon.colcon_core.environment:checking '/home/aa/ujin/ros_ws/install/ujin_basic' for CMake module files
[3.294s] Level 1:colcon.colcon_core.environment:checking '/home/aa/ujin/ros_ws/install/ujin_basic' for CMake config files
[3.294s] Level 1:colcon.colcon_core.environment:checking '/home/aa/ujin/ros_ws/install/ujin_basic/lib'
[3.295s] Level 1:colcon.colcon_core.environment:checking '/home/aa/ujin/ros_ws/install/ujin_basic/bin'
[3.295s] Level 1:colcon.colcon_core.environment:checking '/home/aa/ujin/ros_ws/install/ujin_basic/lib/pkgconfig/ujin_basic.pc'
[3.295s] Level 1:colcon.colcon_core.environment:checking '/home/aa/ujin/ros_ws/install/ujin_basic/lib/python3.12/site-packages'
[3.295s] Level 1:colcon.colcon_core.shell:create_environment_hook('ujin_basic', 'pythonpath')
[3.295s] INFO:colcon.colcon_core.shell:Creating environment hook '/home/aa/ujin/ros_ws/install/ujin_basic/share/ujin_basic/hook/pythonpath.ps1'
[3.296s] INFO:colcon.colcon_core.shell:Creating environment descriptor '/home/aa/ujin/ros_ws/install/ujin_basic/share/ujin_basic/hook/pythonpath.dsv'
[3.296s] INFO:colcon.colcon_core.shell:Creating environment hook '/home/aa/ujin/ros_ws/install/ujin_basic/share/ujin_basic/hook/pythonpath.sh'
[3.298s] Level 1:colcon.colcon_core.environment:checking '/home/aa/ujin/ros_ws/install/ujin_basic/bin'
[3.298s] Level 1:colcon.colcon_core.environment:create_environment_scripts_only(ujin_basic)
[3.298s] INFO:colcon.colcon_core.shell:Creating package script '/home/aa/ujin/ros_ws/install/ujin_basic/share/ujin_basic/package.ps1'
[3.299s] INFO:colcon.colcon_core.shell:Creating package descriptor '/home/aa/ujin/ros_ws/install/ujin_basic/share/ujin_basic/package.dsv'
[3.300s] INFO:colcon.colcon_core.shell:Creating package script '/home/aa/ujin/ros_ws/install/ujin_basic/share/ujin_basic/package.sh'
[3.302s] INFO:colcon.colcon_core.shell:Creating package script '/home/aa/ujin/ros_ws/install/ujin_basic/share/ujin_basic/package.bash'
[3.303s] INFO:colcon.colcon_core.shell:Creating package script '/home/aa/ujin/ros_ws/install/ujin_basic/share/ujin_basic/package.zsh'
[3.304s] Level 1:colcon.colcon_core.environment:create_file_with_runtime_dependencies(/home/aa/ujin/ros_ws/install/ujin_basic/share/colcon-core/packages/ujin_basic)
[3.305s] DEBUG:colcon.colcon_parallel_executor.executor.parallel:closing loop
[3.305s] DEBUG:colcon.colcon_parallel_executor.executor.parallel:loop closed
[3.305s] DEBUG:colcon.colcon_parallel_executor.executor.parallel:run_until_complete finished with '0'
[3.305s] DEBUG:colcon.colcon_core.event_reactor:joining thread
[3.337s] INFO:colcon.colcon_core.plugin_system:Skipping extension 'colcon_notification.desktop_notification.notify_send': Could not find 'notify-send'
[3.338s] INFO:colcon.colcon_core.plugin_system:Skipping extension 'colcon_notification.desktop_notification.terminal_notifier': Not used on non-Darwin systems
[3.338s] INFO:colcon.colcon_core.plugin_system:Skipping extension 'colcon_notification.desktop_notification.win32': Not used on non-Windows systems
[3.338s] INFO:colcon.colcon_notification.desktop_notification:Sending desktop notification using 'notify2'
[3.341s] DEBUG:colcon.colcon_notification.desktop_notification.notify2:Failed to initialize notify2: org.freedesktop.DBus.Error.ServiceUnknown: The name org.freedesktop.Notifications was not provided by any .service files
[3.341s] DEBUG:colcon.colcon_core.event_reactor:joined thread
[3.342s] INFO:colcon.colcon_core.shell:Creating prefix script '/home/aa/ujin/ros_ws/install/local_setup.ps1'
[3.343s] INFO:colcon.colcon_core.shell:Creating prefix util module '/home/aa/ujin/ros_ws/install/_local_setup_util_ps1.py'
[3.344s] INFO:colcon.colcon_core.shell:Creating prefix chain script '/home/aa/ujin/ros_ws/install/setup.ps1'
[3.345s] INFO:colcon.colcon_core.shell:Creating prefix script '/home/aa/ujin/ros_ws/install/local_setup.sh'
[3.345s] INFO:colcon.colcon_core.shell:Creating prefix util module '/home/aa/ujin/ros_ws/install/_local_setup_util_sh.py'
[3.346s] INFO:colcon.colcon_core.shell:Creating prefix chain script '/home/aa/ujin/ros_ws/install/setup.sh'
[3.346s] INFO:colcon.colcon_core.shell:Creating prefix script '/home/aa/ujin/ros_ws/install/local_setup.bash'
[3.347s] INFO:colcon.colcon_core.shell:Creating prefix chain script '/home/aa/ujin/ros_ws/install/setup.bash'
[3.348s] INFO:colcon.colcon_core.shell:Creating prefix script '/home/aa/ujin/ros_ws/install/local_setup.zsh'
[3.348s] INFO:colcon.colcon_core.shell:Creating prefix chain script '/home/aa/ujin/ros_ws/install/setup.zsh'
