running develop
running egg_info
writing ujin_basic.egg-info/PKG-INFO
writing dependency_links to ujin_basic.egg-info/dependency_links.txt
writing entry points to ujin_basic.egg-info/entry_points.txt
writing requirements to ujin_basic.egg-info/requires.txt
writing top-level names to ujin_basic.egg-info/top_level.txt
reading manifest file 'ujin_basic.egg-info/SOURCES.txt'
writing manifest file 'ujin_basic.egg-info/SOURCES.txt'
running build_ext
Creating /home/aa/ujin/ros_ws/install/ujin_basic/lib/python3.12/site-packages/ujin-basic.egg-link (link to .)
Installing class_pub script to /home/aa/ujin/ros_ws/install/ujin_basic/lib/ujin_basic
Installing class_sub script to /home/aa/ujin/ros_ws/install/ujin_basic/lib/ujin_basic
Installing header_pub script to /home/aa/ujin/ros_ws/install/ujin_basic/lib/ujin_basic
Installing m2sub script to /home/aa/ujin/ros_ws/install/ujin_basic/lib/ujin_basic
Installing mpub script to /home/aa/ujin/ros_ws/install/ujin_basic/lib/ujin_basic
Installing msub script to /home/aa/ujin/ros_ws/install/ujin_basic/lib/ujin_basic
Installing mtsub script to /home/aa/ujin/ros_ws/install/ujin_basic/lib/ujin_basic
Installing mv_turtle script to /home/aa/ujin/ros_ws/install/ujin_basic/lib/ujin_basic
Installing simple_pub script to /home/aa/ujin/ros_ws/install/ujin_basic/lib/ujin_basic
Installing tpub script to /home/aa/ujin/ros_ws/install/ujin_basic/lib/ujin_basic

Installed /home/aa/ujin/ros_ws/build/ujin_basic
running symlink_data
