[0.155s] DEBUG:colcon:Command line arguments: ['/usr/bin/colcon', 'build', '--symlink-install']
[0.155s] DEBUG:colcon:Parsed command line arguments: Namespace(log_base=None, log_level=None, verb_name='build', build_base='build', install_base='install', merge_install=False, symlink_install=True, test_result_base=None, continue_on_error=False, executor='parallel', parallel_workers=14, event_handlers=None, ignore_user_meta=False, metas=['./colcon.meta'], base_paths=['.'], packages_ignore=None, packages_ignore_regex=None, paths=None, packages_up_to=None, packages_up_to_regex=None, packages_above=None, packages_above_and_dependencies=None, packages_above_depth=None, packages_select_by_dep=None, packages_skip_by_dep=None, packages_skip_up_to=None, packages_select_build_failed=False, packages_skip_build_finished=False, packages_select_test_failures=False, packages_skip_test_passed=False, packages_select=None, packages_skip=None, packages_select_regex=None, packages_skip_regex=None, packages_start=None, packages_end=None, allow_overriding=[], cmake_args=None, cmake_target=None, cmake_target_skip_unavailable=False, cmake_clean_cache=False, cmake_clean_first=False, cmake_force_configure=False, ament_cmake_args=None, catkin_cmake_args=None, catkin_skip_building_tests=False, mixin_files=None, mixin=None, verb_parser=<colcon_mixin.mixin.mixin_argument.MixinArgumentDecorator object at 0x73a0d066df40>, verb_extension=<colcon_core.verb.build.BuildVerb object at 0x73a0d066d820>, main=<bound method BuildVerb.main of <colcon_core.verb.build.BuildVerb object at 0x73a0d066d820>>, mixin_verb=('build',))
[0.189s] Level 1:colcon.colcon_core.package_discovery:discover_packages(colcon_meta) check parameters
[0.190s] Level 1:colcon.colcon_core.package_discovery:discover_packages(recursive) check parameters
[0.190s] Level 1:colcon.colcon_core.package_discovery:discover_packages(ignore) check parameters
[0.190s] Level 1:colcon.colcon_core.package_discovery:discover_packages(path) check parameters
[0.190s] Level 1:colcon.colcon_core.package_discovery:discover_packages(colcon_meta) discover
[0.190s] Level 1:colcon.colcon_core.package_discovery:discover_packages(recursive) discover
[0.190s] INFO:colcon.colcon_core.package_discovery:Crawling recursively for packages in '/home/aa/ujin/ros_ws'
[0.190s] Level 1:colcon.colcon_core.package_identification:_identify(.) by extensions ['ignore', 'ignore_ament_install']
[0.190s] Level 1:colcon.colcon_core.package_identification:_identify(.) by extension 'ignore'
[0.190s] Level 1:colcon.colcon_core.package_identification:_identify(.) by extension 'ignore_ament_install'
[0.190s] Level 1:colcon.colcon_core.package_identification:_identify(.) by extensions ['colcon_pkg']
[0.190s] Level 1:colcon.colcon_core.package_identification:_identify(.) by extension 'colcon_pkg'
[0.190s] Level 1:colcon.colcon_core.package_identification:_identify(.) by extensions ['colcon_meta']
[0.190s] Level 1:colcon.colcon_core.package_identification:_identify(.) by extension 'colcon_meta'
[0.190s] Level 1:colcon.colcon_core.package_identification:_identify(.) by extensions ['ros']
[0.190s] Level 1:colcon.colcon_core.package_identification:_identify(.) by extension 'ros'
[0.217s] Level 1:colcon.colcon_core.package_identification:_identify(.) by extensions ['cmake', 'python']
[0.217s] Level 1:colcon.colcon_core.package_identification:_identify(.) by extension 'cmake'
[0.217s] Level 1:colcon.colcon_core.package_identification:_identify(.) by extension 'python'
[0.217s] Level 1:colcon.colcon_core.package_identification:_identify(.) by extensions ['python_setup_py']
[0.217s] Level 1:colcon.colcon_core.package_identification:_identify(.) by extension 'python_setup_py'
[0.217s] Level 1:colcon.colcon_core.package_identification:_identify(build) by extensions ['ignore', 'ignore_ament_install']
[0.217s] Level 1:colcon.colcon_core.package_identification:_identify(build) by extension 'ignore'
[0.217s] Level 1:colcon.colcon_core.package_identification:_identify(build) ignored
[0.217s] Level 1:colcon.colcon_core.package_identification:_identify(install) by extensions ['ignore', 'ignore_ament_install']
[0.217s] Level 1:colcon.colcon_core.package_identification:_identify(install) by extension 'ignore'
[0.217s] Level 1:colcon.colcon_core.package_identification:_identify(install) ignored
[0.217s] Level 1:colcon.colcon_core.package_identification:_identify(log) by extensions ['ignore', 'ignore_ament_install']
[0.217s] Level 1:colcon.colcon_core.package_identification:_identify(log) by extension 'ignore'
[0.218s] Level 1:colcon.colcon_core.package_identification:_identify(log) ignored
[0.218s] Level 1:colcon.colcon_core.package_identification:_identify(src) by extensions ['ignore', 'ignore_ament_install']
[0.218s] Level 1:colcon.colcon_core.package_identification:_identify(src) by extension 'ignore'
[0.218s] Level 1:colcon.colcon_core.package_identification:_identify(src) by extension 'ignore_ament_install'
[0.218s] Level 1:colcon.colcon_core.package_identification:_identify(src) by extensions ['colcon_pkg']
[0.218s] Level 1:colcon.colcon_core.package_identification:_identify(src) by extension 'colcon_pkg'
[0.218s] Level 1:colcon.colcon_core.package_identification:_identify(src) by extensions ['colcon_meta']
[0.218s] Level 1:colcon.colcon_core.package_identification:_identify(src) by extension 'colcon_meta'
[0.218s] Level 1:colcon.colcon_core.package_identification:_identify(src) by extensions ['ros']
[0.218s] Level 1:colcon.colcon_core.package_identification:_identify(src) by extension 'ros'
[0.218s] Level 1:colcon.colcon_core.package_identification:_identify(src) by extensions ['cmake', 'python']
[0.218s] Level 1:colcon.colcon_core.package_identification:_identify(src) by extension 'cmake'
[0.218s] Level 1:colcon.colcon_core.package_identification:_identify(src) by extension 'python'
[0.218s] Level 1:colcon.colcon_core.package_identification:_identify(src) by extensions ['python_setup_py']
[0.218s] Level 1:colcon.colcon_core.package_identification:_identify(src) by extension 'python_setup_py'
[0.218s] Level 1:colcon.colcon_core.package_identification:_identify(src/ujin_basic) by extensions ['ignore', 'ignore_ament_install']
[0.218s] Level 1:colcon.colcon_core.package_identification:_identify(src/ujin_basic) by extension 'ignore'
[0.218s] Level 1:colcon.colcon_core.package_identification:_identify(src/ujin_basic) by extension 'ignore_ament_install'
[0.218s] Level 1:colcon.colcon_core.package_identification:_identify(src/ujin_basic) by extensions ['colcon_pkg']
[0.218s] Level 1:colcon.colcon_core.package_identification:_identify(src/ujin_basic) by extension 'colcon_pkg'
[0.218s] Level 1:colcon.colcon_core.package_identification:_identify(src/ujin_basic) by extensions ['colcon_meta']
[0.218s] Level 1:colcon.colcon_core.package_identification:_identify(src/ujin_basic) by extension 'colcon_meta'
[0.218s] Level 1:colcon.colcon_core.package_identification:_identify(src/ujin_basic) by extensions ['ros']
[0.218s] Level 1:colcon.colcon_core.package_identification:_identify(src/ujin_basic) by extension 'ros'
[0.220s] DEBUG:colcon.colcon_core.package_identification:Package 'src/ujin_basic' with type 'ros.ament_python' and name 'ujin_basic'
[0.220s] Level 1:colcon.colcon_core.package_discovery:discover_packages(recursive) using defaults
[0.221s] Level 1:colcon.colcon_core.package_discovery:discover_packages(ignore) discover
[0.221s] Level 1:colcon.colcon_core.package_discovery:discover_packages(ignore) using defaults
[0.221s] Level 1:colcon.colcon_core.package_discovery:discover_packages(path) discover
[0.221s] Level 1:colcon.colcon_core.package_discovery:discover_packages(path) using defaults
[0.238s] Level 1:colcon.colcon_core.package_discovery:discover_packages(prefix_path) check parameters
[0.238s] Level 1:colcon.colcon_core.package_discovery:discover_packages(prefix_path) discover
[0.239s] DEBUG:colcon.colcon_installed_package_information.package_discovery:Found 1 installed packages in /home/aa/ujin/ros_ws/install
[0.240s] DEBUG:colcon.colcon_installed_package_information.package_discovery:Found 287 installed packages in /opt/ros/jazzy
[0.242s] Level 1:colcon.colcon_core.package_discovery:discover_packages(prefix_path) using defaults
[0.288s] Level 5:colcon.colcon_core.verb:set package 'ujin_basic' build argument 'cmake_args' from command line to 'None'
[0.288s] Level 5:colcon.colcon_core.verb:set package 'ujin_basic' build argument 'cmake_target' from command line to 'None'
[0.288s] Level 5:colcon.colcon_core.verb:set package 'ujin_basic' build argument 'cmake_target_skip_unavailable' from command line to 'False'
[0.288s] Level 5:colcon.colcon_core.verb:set package 'ujin_basic' build argument 'cmake_clean_cache' from command line to 'False'
[0.288s] Level 5:colcon.colcon_core.verb:set package 'ujin_basic' build argument 'cmake_clean_first' from command line to 'False'
[0.288s] Level 5:colcon.colcon_core.verb:set package 'ujin_basic' build argument 'cmake_force_configure' from command line to 'False'
[0.288s] Level 5:colcon.colcon_core.verb:set package 'ujin_basic' build argument 'ament_cmake_args' from command line to 'None'
[0.288s] Level 5:colcon.colcon_core.verb:set package 'ujin_basic' build argument 'catkin_cmake_args' from command line to 'None'
[0.288s] Level 5:colcon.colcon_core.verb:set package 'ujin_basic' build argument 'catkin_skip_building_tests' from command line to 'False'
[0.288s] DEBUG:colcon.colcon_core.verb:Building package 'ujin_basic' with the following arguments: {'ament_cmake_args': None, 'build_base': '/home/aa/ujin/ros_ws/build/ujin_basic', 'catkin_cmake_args': None, 'catkin_skip_building_tests': False, 'cmake_args': None, 'cmake_clean_cache': False, 'cmake_clean_first': False, 'cmake_force_configure': False, 'cmake_target': None, 'cmake_target_skip_unavailable': False, 'install_base': '/home/aa/ujin/ros_ws/install/ujin_basic', 'merge_install': False, 'path': '/home/aa/ujin/ros_ws/src/ujin_basic', 'symlink_install': True, 'test_result_base': None}
[0.288s] INFO:colcon.colcon_core.executor:Executing jobs using 'parallel' executor
[0.290s] DEBUG:colcon.colcon_parallel_executor.executor.parallel:run_until_complete
[0.290s] INFO:colcon.colcon_ros.task.ament_python.build:Building ROS package in '/home/aa/ujin/ros_ws/src/ujin_basic' with build type 'ament_python'
[0.290s] Level 1:colcon.colcon_core.shell:create_environment_hook('ujin_basic', 'ament_prefix_path')
[0.293s] INFO:colcon.colcon_core.plugin_system:Skipping extension 'colcon_core.shell.bat': Not used on non-Windows systems
[0.293s] INFO:colcon.colcon_core.shell:Creating environment hook '/home/aa/ujin/ros_ws/install/ujin_basic/share/ujin_basic/hook/ament_prefix_path.ps1'
[0.294s] INFO:colcon.colcon_core.shell:Creating environment descriptor '/home/aa/ujin/ros_ws/install/ujin_basic/share/ujin_basic/hook/ament_prefix_path.dsv'
[0.294s] INFO:colcon.colcon_core.shell:Creating environment hook '/home/aa/ujin/ros_ws/install/ujin_basic/share/ujin_basic/hook/ament_prefix_path.sh'
[0.294s] INFO:colcon.colcon_core.shell:Skip shell extension 'powershell' for command environment: Not usable outside of PowerShell
[0.295s] DEBUG:colcon.colcon_core.shell:Skip shell extension 'dsv' for command environment
[0.527s] INFO:colcon.colcon_core.task.python.build:Building Python package in '/home/aa/ujin/ros_ws/src/ujin_basic'
[0.528s] INFO:colcon.colcon_core.shell:Skip shell extension 'powershell' for command environment: Not usable outside of PowerShell
[0.528s] DEBUG:colcon.colcon_core.shell:Skip shell extension 'dsv' for command environment
[1.076s] DEBUG:colcon.colcon_core.task.python.build:Available setuptools commands: symlink_data, install, build_py, update_catalog, dist_info, egg_info, install_egg_info, install_headers, develop, rotate, bdist, sdist, bdist_egg, build, editable_wheel, build_ext, build_scripts, easy_install, clean, install_scripts, extract_messages, test, init_catalog, bdist_dumb, register, upload, compile_catalog, install_lib, install_data, build_clib, saveopts, alias, check, setopt, upload_docs, bdist_rpm
[1.384s] DEBUG:colcon.colcon_core.task.python.build:Available setuptools 'develop' options: --verbose, --install-layout, --no-user-cfg, --exclude-scripts, --upgrade, --quiet, --allow-hosts, --no-find-links, --site-dirs, --uninstall, --always-copy, --script-dir, --zip-ok, --install-dir, --always-unzip, --user, --version, --egg-path, --force-installation-into-system-dir, --help, --record, --index-url, --editable, --optimize, --build-directory, --local-snapshots-ok, --find-links, --dry-run, --multi-version, --prefix, --no-deps
[1.389s] DEBUG:colcon.colcon_core.event_handler.log_command:Invoking command in '/home/aa/ujin/ros_ws/build/ujin_basic': PYTHONPATH=/home/aa/ujin/ros_ws/build/ujin_basic/prefix_override:/usr/lib/python3/dist-packages/colcon_core/task/python/colcon_distutils_commands:/home/aa/ujin/ros_ws/install/ujin_basic/lib/python3.12/site-packages:${PYTHONPATH} /usr/bin/python3 -W ignore:setup.py install is deprecated -W ignore:easy_install command is deprecated setup.py develop --editable --build-directory /home/aa/ujin/ros_ws/build/ujin_basic/build --no-deps symlink_data
[1.949s] Level 1:colcon.colcon_core.shell:create_environment_hook('ujin_basic', 'pythonpath_develop')
[1.950s] INFO:colcon.colcon_core.shell:Creating environment hook '/home/aa/ujin/ros_ws/build/ujin_basic/share/ujin_basic/hook/pythonpath_develop.ps1'
[1.950s] DEBUG:colcon.colcon_core.event_handler.log_command:Invoked command in '/home/aa/ujin/ros_ws/build/ujin_basic' returned '0': PYTHONPATH=/home/aa/ujin/ros_ws/build/ujin_basic/prefix_override:/usr/lib/python3/dist-packages/colcon_core/task/python/colcon_distutils_commands:/home/aa/ujin/ros_ws/install/ujin_basic/lib/python3.12/site-packages:${PYTHONPATH} /usr/bin/python3 -W ignore:setup.py install is deprecated -W ignore:easy_install command is deprecated setup.py develop --editable --build-directory /home/aa/ujin/ros_ws/build/ujin_basic/build --no-deps symlink_data
[1.951s] INFO:colcon.colcon_core.shell:Creating environment descriptor '/home/aa/ujin/ros_ws/build/ujin_basic/share/ujin_basic/hook/pythonpath_develop.dsv'
[1.951s] INFO:colcon.colcon_core.shell:Creating environment hook '/home/aa/ujin/ros_ws/build/ujin_basic/share/ujin_basic/hook/pythonpath_develop.sh'
[1.955s] Level 1:colcon.colcon_core.environment:checking '/home/aa/ujin/ros_ws/install/ujin_basic' for CMake module files
[1.955s] Level 1:colcon.colcon_core.environment:checking '/home/aa/ujin/ros_ws/install/ujin_basic' for CMake config files
[1.956s] Level 1:colcon.colcon_core.environment:checking '/home/aa/ujin/ros_ws/install/ujin_basic/lib'
[1.956s] Level 1:colcon.colcon_core.environment:checking '/home/aa/ujin/ros_ws/install/ujin_basic/bin'
[1.956s] Level 1:colcon.colcon_core.environment:checking '/home/aa/ujin/ros_ws/install/ujin_basic/lib/pkgconfig/ujin_basic.pc'
[1.957s] Level 1:colcon.colcon_core.environment:checking '/home/aa/ujin/ros_ws/install/ujin_basic/lib/python3.12/site-packages'
[1.957s] Level 1:colcon.colcon_core.shell:create_environment_hook('ujin_basic', 'pythonpath')
[1.957s] INFO:colcon.colcon_core.shell:Creating environment hook '/home/aa/ujin/ros_ws/install/ujin_basic/share/ujin_basic/hook/pythonpath.ps1'
[1.958s] INFO:colcon.colcon_core.shell:Creating environment descriptor '/home/aa/ujin/ros_ws/install/ujin_basic/share/ujin_basic/hook/pythonpath.dsv'
[1.958s] INFO:colcon.colcon_core.shell:Creating environment hook '/home/aa/ujin/ros_ws/install/ujin_basic/share/ujin_basic/hook/pythonpath.sh'
[1.959s] Level 1:colcon.colcon_core.environment:checking '/home/aa/ujin/ros_ws/install/ujin_basic/bin'
[1.959s] Level 1:colcon.colcon_core.environment:create_environment_scripts_only(ujin_basic)
[1.960s] INFO:colcon.colcon_core.shell:Creating package script '/home/aa/ujin/ros_ws/install/ujin_basic/share/ujin_basic/package.ps1'
[1.961s] INFO:colcon.colcon_core.shell:Creating package descriptor '/home/aa/ujin/ros_ws/install/ujin_basic/share/ujin_basic/package.dsv'
[1.962s] INFO:colcon.colcon_core.shell:Creating package script '/home/aa/ujin/ros_ws/install/ujin_basic/share/ujin_basic/package.sh'
[1.963s] INFO:colcon.colcon_core.shell:Creating package script '/home/aa/ujin/ros_ws/install/ujin_basic/share/ujin_basic/package.bash'
[1.964s] INFO:colcon.colcon_core.shell:Creating package script '/home/aa/ujin/ros_ws/install/ujin_basic/share/ujin_basic/package.zsh'
[1.964s] Level 1:colcon.colcon_core.environment:create_file_with_runtime_dependencies(/home/aa/ujin/ros_ws/install/ujin_basic/share/colcon-core/packages/ujin_basic)
[1.965s] DEBUG:colcon.colcon_parallel_executor.executor.parallel:closing loop
[1.965s] DEBUG:colcon.colcon_parallel_executor.executor.parallel:loop closed
[1.965s] DEBUG:colcon.colcon_parallel_executor.executor.parallel:run_until_complete finished with '0'
[1.965s] DEBUG:colcon.colcon_core.event_reactor:joining thread
[1.985s] INFO:colcon.colcon_core.plugin_system:Skipping extension 'colcon_notification.desktop_notification.notify_send': Could not find 'notify-send'
[1.985s] INFO:colcon.colcon_core.plugin_system:Skipping extension 'colcon_notification.desktop_notification.terminal_notifier': Not used on non-Darwin systems
[1.985s] INFO:colcon.colcon_core.plugin_system:Skipping extension 'colcon_notification.desktop_notification.win32': Not used on non-Windows systems
[1.985s] INFO:colcon.colcon_notification.desktop_notification:Sending desktop notification using 'notify2'
[1.987s] DEBUG:colcon.colcon_notification.desktop_notification.notify2:Failed to initialize notify2: org.freedesktop.DBus.Error.ServiceUnknown: The name org.freedesktop.Notifications was not provided by any .service files
[1.987s] DEBUG:colcon.colcon_core.event_reactor:joined thread
[1.987s] INFO:colcon.colcon_core.shell:Creating prefix script '/home/aa/ujin/ros_ws/install/local_setup.ps1'
[1.988s] INFO:colcon.colcon_core.shell:Creating prefix util module '/home/aa/ujin/ros_ws/install/_local_setup_util_ps1.py'
[1.989s] INFO:colcon.colcon_core.shell:Creating prefix chain script '/home/aa/ujin/ros_ws/install/setup.ps1'
[1.990s] INFO:colcon.colcon_core.shell:Creating prefix script '/home/aa/ujin/ros_ws/install/local_setup.sh'
[1.991s] INFO:colcon.colcon_core.shell:Creating prefix util module '/home/aa/ujin/ros_ws/install/_local_setup_util_sh.py'
[1.992s] INFO:colcon.colcon_core.shell:Creating prefix chain script '/home/aa/ujin/ros_ws/install/setup.sh'
[1.993s] INFO:colcon.colcon_core.shell:Creating prefix script '/home/aa/ujin/ros_ws/install/local_setup.bash'
[1.993s] INFO:colcon.colcon_core.shell:Creating prefix chain script '/home/aa/ujin/ros_ws/install/setup.bash'
[1.994s] INFO:colcon.colcon_core.shell:Creating prefix script '/home/aa/ujin/ros_ws/install/local_setup.zsh'
[1.994s] INFO:colcon.colcon_core.shell:Creating prefix chain script '/home/aa/ujin/ros_ws/install/setup.zsh'
