[0.510s] DEBUG:colcon:Command line arguments: ['/usr/bin/colcon', 'build', '--symlink-install']
[0.510s] DEBUG:colcon:Parsed command line arguments: Namespace(log_base=None, log_level=None, verb_name='build', build_base='build', install_base='install', merge_install=False, symlink_install=True, test_result_base=None, continue_on_error=False, executor='parallel', parallel_workers=14, event_handlers=None, ignore_user_meta=False, metas=['./colcon.meta'], base_paths=['.'], packages_ignore=None, packages_ignore_regex=None, paths=None, packages_up_to=None, packages_up_to_regex=None, packages_above=None, packages_above_and_dependencies=None, packages_above_depth=None, packages_select_by_dep=None, packages_skip_by_dep=None, packages_skip_up_to=None, packages_select_build_failed=False, packages_skip_build_finished=False, packages_select_test_failures=False, packages_skip_test_passed=False, packages_select=None, packages_skip=None, packages_select_regex=None, packages_skip_regex=None, packages_start=None, packages_end=None, allow_overriding=[], cmake_args=None, cmake_target=None, cmake_target_skip_unavailable=False, cmake_clean_cache=False, cmake_clean_first=False, cmake_force_configure=False, ament_cmake_args=None, catkin_cmake_args=None, catkin_skip_building_tests=False, mixin_files=None, mixin=None, verb_parser=<colcon_mixin.mixin.mixin_argument.MixinArgumentDecorator object at 0x703b74b89af0>, verb_extension=<colcon_core.verb.build.BuildVerb object at 0x703b74b3f500>, main=<bound method BuildVerb.main of <colcon_core.verb.build.BuildVerb object at 0x703b74b3f500>>, mixin_verb=('build',))
[0.647s] Level 1:colcon.colcon_core.package_discovery:discover_packages(colcon_meta) check parameters
[0.647s] Level 1:colcon.colcon_core.package_discovery:discover_packages(recursive) check parameters
[0.647s] Level 1:colcon.colcon_core.package_discovery:discover_packages(ignore) check parameters
[0.647s] Level 1:colcon.colcon_core.package_discovery:discover_packages(path) check parameters
[0.647s] Level 1:colcon.colcon_core.package_discovery:discover_packages(colcon_meta) discover
[0.647s] Level 1:colcon.colcon_core.package_discovery:discover_packages(recursive) discover
[0.647s] INFO:colcon.colcon_core.package_discovery:Crawling recursively for packages in '/home/aa/ujin/ros_ws'
[0.647s] Level 1:colcon.colcon_core.package_identification:_identify(.) by extensions ['ignore', 'ignore_ament_install']
[0.648s] Level 1:colcon.colcon_core.package_identification:_identify(.) by extension 'ignore'
[0.648s] Level 1:colcon.colcon_core.package_identification:_identify(.) by extension 'ignore_ament_install'
[0.648s] Level 1:colcon.colcon_core.package_identification:_identify(.) by extensions ['colcon_pkg']
[0.648s] Level 1:colcon.colcon_core.package_identification:_identify(.) by extension 'colcon_pkg'
[0.648s] Level 1:colcon.colcon_core.package_identification:_identify(.) by extensions ['colcon_meta']
[0.648s] Level 1:colcon.colcon_core.package_identification:_identify(.) by extension 'colcon_meta'
[0.648s] Level 1:colcon.colcon_core.package_identification:_identify(.) by extensions ['ros']
[0.648s] Level 1:colcon.colcon_core.package_identification:_identify(.) by extension 'ros'
[0.712s] Level 1:colcon.colcon_core.package_identification:_identify(.) by extensions ['cmake', 'python']
[0.712s] Level 1:colcon.colcon_core.package_identification:_identify(.) by extension 'cmake'
[0.712s] Level 1:colcon.colcon_core.package_identification:_identify(.) by extension 'python'
[0.712s] Level 1:colcon.colcon_core.package_identification:_identify(.) by extensions ['python_setup_py']
[0.712s] Level 1:colcon.colcon_core.package_identification:_identify(.) by extension 'python_setup_py'
[0.713s] Level 1:colcon.colcon_core.package_identification:_identify(build) by extensions ['ignore', 'ignore_ament_install']
[0.714s] Level 1:colcon.colcon_core.package_identification:_identify(build) by extension 'ignore'
[0.714s] Level 1:colcon.colcon_core.package_identification:_identify(build) ignored
[0.715s] Level 1:colcon.colcon_core.package_identification:_identify(install) by extensions ['ignore', 'ignore_ament_install']
[0.715s] Level 1:colcon.colcon_core.package_identification:_identify(install) by extension 'ignore'
[0.715s] Level 1:colcon.colcon_core.package_identification:_identify(install) ignored
[0.715s] Level 1:colcon.colcon_core.package_identification:_identify(log) by extensions ['ignore', 'ignore_ament_install']
[0.716s] Level 1:colcon.colcon_core.package_identification:_identify(log) by extension 'ignore'
[0.716s] Level 1:colcon.colcon_core.package_identification:_identify(log) ignored
[0.716s] Level 1:colcon.colcon_core.package_identification:_identify(src) by extensions ['ignore', 'ignore_ament_install']
[0.716s] Level 1:colcon.colcon_core.package_identification:_identify(src) by extension 'ignore'
[0.716s] Level 1:colcon.colcon_core.package_identification:_identify(src) by extension 'ignore_ament_install'
[0.716s] Level 1:colcon.colcon_core.package_identification:_identify(src) by extensions ['colcon_pkg']
[0.716s] Level 1:colcon.colcon_core.package_identification:_identify(src) by extension 'colcon_pkg'
[0.716s] Level 1:colcon.colcon_core.package_identification:_identify(src) by extensions ['colcon_meta']
[0.716s] Level 1:colcon.colcon_core.package_identification:_identify(src) by extension 'colcon_meta'
[0.716s] Level 1:colcon.colcon_core.package_identification:_identify(src) by extensions ['ros']
[0.716s] Level 1:colcon.colcon_core.package_identification:_identify(src) by extension 'ros'
[0.717s] Level 1:colcon.colcon_core.package_identification:_identify(src) by extensions ['cmake', 'python']
[0.717s] Level 1:colcon.colcon_core.package_identification:_identify(src) by extension 'cmake'
[0.717s] Level 1:colcon.colcon_core.package_identification:_identify(src) by extension 'python'
[0.717s] Level 1:colcon.colcon_core.package_identification:_identify(src) by extensions ['python_setup_py']
[0.717s] Level 1:colcon.colcon_core.package_identification:_identify(src) by extension 'python_setup_py'
[0.717s] Level 1:colcon.colcon_core.package_identification:_identify(src/ujin_basic) by extensions ['ignore', 'ignore_ament_install']
[0.717s] Level 1:colcon.colcon_core.package_identification:_identify(src/ujin_basic) by extension 'ignore'
[0.717s] Level 1:colcon.colcon_core.package_identification:_identify(src/ujin_basic) by extension 'ignore_ament_install'
[0.717s] Level 1:colcon.colcon_core.package_identification:_identify(src/ujin_basic) by extensions ['colcon_pkg']
[0.717s] Level 1:colcon.colcon_core.package_identification:_identify(src/ujin_basic) by extension 'colcon_pkg'
[0.717s] Level 1:colcon.colcon_core.package_identification:_identify(src/ujin_basic) by extensions ['colcon_meta']
[0.717s] Level 1:colcon.colcon_core.package_identification:_identify(src/ujin_basic) by extension 'colcon_meta'
[0.717s] Level 1:colcon.colcon_core.package_identification:_identify(src/ujin_basic) by extensions ['ros']
[0.718s] Level 1:colcon.colcon_core.package_identification:_identify(src/ujin_basic) by extension 'ros'
[0.725s] DEBUG:colcon.colcon_core.package_identification:Package 'src/ujin_basic' with type 'ros.ament_python' and name 'ujin_basic'
[0.726s] Level 1:colcon.colcon_core.package_discovery:discover_packages(recursive) using defaults
[0.726s] Level 1:colcon.colcon_core.package_discovery:discover_packages(ignore) discover
[0.726s] Level 1:colcon.colcon_core.package_discovery:discover_packages(ignore) using defaults
[0.726s] Level 1:colcon.colcon_core.package_discovery:discover_packages(path) discover
[0.726s] Level 1:colcon.colcon_core.package_discovery:discover_packages(path) using defaults
[0.789s] Level 1:colcon.colcon_core.package_discovery:discover_packages(prefix_path) check parameters
[0.790s] Level 1:colcon.colcon_core.package_discovery:discover_packages(prefix_path) discover
[0.798s] DEBUG:colcon.colcon_installed_package_information.package_discovery:Found 1 installed packages in /home/aa/ujin/ros_ws/install
[0.803s] DEBUG:colcon.colcon_installed_package_information.package_discovery:Found 287 installed packages in /opt/ros/jazzy
[0.806s] Level 1:colcon.colcon_core.package_discovery:discover_packages(prefix_path) using defaults
[0.980s] Level 5:colcon.colcon_core.verb:set package 'ujin_basic' build argument 'cmake_args' from command line to 'None'
[0.980s] Level 5:colcon.colcon_core.verb:set package 'ujin_basic' build argument 'cmake_target' from command line to 'None'
[0.980s] Level 5:colcon.colcon_core.verb:set package 'ujin_basic' build argument 'cmake_target_skip_unavailable' from command line to 'False'
[0.980s] Level 5:colcon.colcon_core.verb:set package 'ujin_basic' build argument 'cmake_clean_cache' from command line to 'False'
[0.980s] Level 5:colcon.colcon_core.verb:set package 'ujin_basic' build argument 'cmake_clean_first' from command line to 'False'
[0.980s] Level 5:colcon.colcon_core.verb:set package 'ujin_basic' build argument 'cmake_force_configure' from command line to 'False'
[0.980s] Level 5:colcon.colcon_core.verb:set package 'ujin_basic' build argument 'ament_cmake_args' from command line to 'None'
[0.980s] Level 5:colcon.colcon_core.verb:set package 'ujin_basic' build argument 'catkin_cmake_args' from command line to 'None'
[0.980s] Level 5:colcon.colcon_core.verb:set package 'ujin_basic' build argument 'catkin_skip_building_tests' from command line to 'False'
[0.980s] DEBUG:colcon.colcon_core.verb:Building package 'ujin_basic' with the following arguments: {'ament_cmake_args': None, 'build_base': '/home/aa/ujin/ros_ws/build/ujin_basic', 'catkin_cmake_args': None, 'catkin_skip_building_tests': False, 'cmake_args': None, 'cmake_clean_cache': False, 'cmake_clean_first': False, 'cmake_force_configure': False, 'cmake_target': None, 'cmake_target_skip_unavailable': False, 'install_base': '/home/aa/ujin/ros_ws/install/ujin_basic', 'merge_install': False, 'path': '/home/aa/ujin/ros_ws/src/ujin_basic', 'symlink_install': True, 'test_result_base': None}
[0.981s] INFO:colcon.colcon_core.executor:Executing jobs using 'parallel' executor
[0.983s] DEBUG:colcon.colcon_parallel_executor.executor.parallel:run_until_complete
[0.983s] INFO:colcon.colcon_ros.task.ament_python.build:Building ROS package in '/home/aa/ujin/ros_ws/src/ujin_basic' with build type 'ament_python'
[0.983s] Level 1:colcon.colcon_core.shell:create_environment_hook('ujin_basic', 'ament_prefix_path')
[0.989s] INFO:colcon.colcon_core.plugin_system:Skipping extension 'colcon_core.shell.bat': Not used on non-Windows systems
[0.989s] INFO:colcon.colcon_core.shell:Creating environment hook '/home/aa/ujin/ros_ws/install/ujin_basic/share/ujin_basic/hook/ament_prefix_path.ps1'
[0.991s] INFO:colcon.colcon_core.shell:Creating environment descriptor '/home/aa/ujin/ros_ws/install/ujin_basic/share/ujin_basic/hook/ament_prefix_path.dsv'
[0.992s] INFO:colcon.colcon_core.shell:Creating environment hook '/home/aa/ujin/ros_ws/install/ujin_basic/share/ujin_basic/hook/ament_prefix_path.sh'
[0.994s] INFO:colcon.colcon_core.shell:Skip shell extension 'powershell' for command environment: Not usable outside of PowerShell
[0.994s] DEBUG:colcon.colcon_core.shell:Skip shell extension 'dsv' for command environment
[1.259s] INFO:colcon.colcon_core.task.python.build:Building Python package in '/home/aa/ujin/ros_ws/src/ujin_basic'
[1.260s] INFO:colcon.colcon_core.shell:Skip shell extension 'powershell' for command environment: Not usable outside of PowerShell
[1.260s] DEBUG:colcon.colcon_core.shell:Skip shell extension 'dsv' for command environment
[2.283s] DEBUG:colcon.colcon_core.task.python.build:Available setuptools commands: build_scripts, extract_messages, upload_docs, install_lib, clean, sdist, install, install_headers, build_ext, install_scripts, build, install_egg_info, develop, compile_catalog, egg_info, setopt, build_py, bdist, dist_info, build_clib, editable_wheel, bdist_rpm, saveopts, symlink_data, easy_install, rotate, upload, update_catalog, alias, bdist_egg, check, test, register, install_data, bdist_dumb, init_catalog
[2.610s] DEBUG:colcon.colcon_core.task.python.build:Available setuptools 'develop' options: --no-user-cfg, --quiet, --upgrade, --install-dir, --exclude-scripts, --build-directory, --install-layout, --dry-run, --verbose, --multi-version, --editable, --optimize, --user, --index-url, --help, --version, --script-dir, --allow-hosts, --always-copy, --no-deps, --find-links, --local-snapshots-ok, --uninstall, --record, --prefix, --egg-path, --force-installation-into-system-dir, --no-find-links, --always-unzip, --site-dirs, --zip-ok
[2.630s] DEBUG:colcon.colcon_core.event_handler.log_command:Invoking command in '/home/aa/ujin/ros_ws/build/ujin_basic': PYTHONPATH=/home/aa/ujin/ros_ws/build/ujin_basic/prefix_override:/usr/lib/python3/dist-packages/colcon_core/task/python/colcon_distutils_commands:/home/aa/ujin/ros_ws/install/ujin_basic/lib/python3.12/site-packages:${PYTHONPATH} /usr/bin/python3 -W ignore:setup.py install is deprecated -W ignore:easy_install command is deprecated setup.py develop --editable --build-directory /home/aa/ujin/ros_ws/build/ujin_basic/build --no-deps symlink_data
[3.254s] Level 1:colcon.colcon_core.shell:create_environment_hook('ujin_basic', 'pythonpath_develop')
[3.255s] INFO:colcon.colcon_core.shell:Creating environment hook '/home/aa/ujin/ros_ws/build/ujin_basic/share/ujin_basic/hook/pythonpath_develop.ps1'
[3.255s] DEBUG:colcon.colcon_core.event_handler.log_command:Invoked command in '/home/aa/ujin/ros_ws/build/ujin_basic' returned '0': PYTHONPATH=/home/aa/ujin/ros_ws/build/ujin_basic/prefix_override:/usr/lib/python3/dist-packages/colcon_core/task/python/colcon_distutils_commands:/home/aa/ujin/ros_ws/install/ujin_basic/lib/python3.12/site-packages:${PYTHONPATH} /usr/bin/python3 -W ignore:setup.py install is deprecated -W ignore:easy_install command is deprecated setup.py develop --editable --build-directory /home/aa/ujin/ros_ws/build/ujin_basic/build --no-deps symlink_data
[3.256s] INFO:colcon.colcon_core.shell:Creating environment descriptor '/home/aa/ujin/ros_ws/build/ujin_basic/share/ujin_basic/hook/pythonpath_develop.dsv'
[3.257s] INFO:colcon.colcon_core.shell:Creating environment hook '/home/aa/ujin/ros_ws/build/ujin_basic/share/ujin_basic/hook/pythonpath_develop.sh'
[3.264s] Level 1:colcon.colcon_core.environment:checking '/home/aa/ujin/ros_ws/install/ujin_basic' for CMake module files
[3.266s] Level 1:colcon.colcon_core.environment:checking '/home/aa/ujin/ros_ws/install/ujin_basic' for CMake config files
[3.270s] Level 1:colcon.colcon_core.environment:checking '/home/aa/ujin/ros_ws/install/ujin_basic/lib'
[3.270s] Level 1:colcon.colcon_core.environment:checking '/home/aa/ujin/ros_ws/install/ujin_basic/bin'
[3.270s] Level 1:colcon.colcon_core.environment:checking '/home/aa/ujin/ros_ws/install/ujin_basic/lib/pkgconfig/ujin_basic.pc'
[3.270s] Level 1:colcon.colcon_core.environment:checking '/home/aa/ujin/ros_ws/install/ujin_basic/lib/python3.12/site-packages'
[3.270s] Level 1:colcon.colcon_core.shell:create_environment_hook('ujin_basic', 'pythonpath')
[3.270s] INFO:colcon.colcon_core.shell:Creating environment hook '/home/aa/ujin/ros_ws/install/ujin_basic/share/ujin_basic/hook/pythonpath.ps1'
[3.271s] INFO:colcon.colcon_core.shell:Creating environment descriptor '/home/aa/ujin/ros_ws/install/ujin_basic/share/ujin_basic/hook/pythonpath.dsv'
[3.271s] INFO:colcon.colcon_core.shell:Creating environment hook '/home/aa/ujin/ros_ws/install/ujin_basic/share/ujin_basic/hook/pythonpath.sh'
[3.272s] Level 1:colcon.colcon_core.environment:checking '/home/aa/ujin/ros_ws/install/ujin_basic/bin'
[3.272s] Level 1:colcon.colcon_core.environment:create_environment_scripts_only(ujin_basic)
[3.273s] INFO:colcon.colcon_core.shell:Creating package script '/home/aa/ujin/ros_ws/install/ujin_basic/share/ujin_basic/package.ps1'
[3.274s] INFO:colcon.colcon_core.shell:Creating package descriptor '/home/aa/ujin/ros_ws/install/ujin_basic/share/ujin_basic/package.dsv'
[3.276s] INFO:colcon.colcon_core.shell:Creating package script '/home/aa/ujin/ros_ws/install/ujin_basic/share/ujin_basic/package.sh'
[3.277s] INFO:colcon.colcon_core.shell:Creating package script '/home/aa/ujin/ros_ws/install/ujin_basic/share/ujin_basic/package.bash'
[3.278s] INFO:colcon.colcon_core.shell:Creating package script '/home/aa/ujin/ros_ws/install/ujin_basic/share/ujin_basic/package.zsh'
[3.279s] Level 1:colcon.colcon_core.environment:create_file_with_runtime_dependencies(/home/aa/ujin/ros_ws/install/ujin_basic/share/colcon-core/packages/ujin_basic)
[3.280s] DEBUG:colcon.colcon_parallel_executor.executor.parallel:closing loop
[3.280s] DEBUG:colcon.colcon_parallel_executor.executor.parallel:loop closed
[3.280s] DEBUG:colcon.colcon_parallel_executor.executor.parallel:run_until_complete finished with '0'
[3.280s] DEBUG:colcon.colcon_core.event_reactor:joining thread
[3.315s] INFO:colcon.colcon_core.plugin_system:Skipping extension 'colcon_notification.desktop_notification.notify_send': Could not find 'notify-send'
[3.315s] INFO:colcon.colcon_core.plugin_system:Skipping extension 'colcon_notification.desktop_notification.terminal_notifier': Not used on non-Darwin systems
[3.315s] INFO:colcon.colcon_core.plugin_system:Skipping extension 'colcon_notification.desktop_notification.win32': Not used on non-Windows systems
[3.316s] INFO:colcon.colcon_notification.desktop_notification:Sending desktop notification using 'notify2'
[3.318s] DEBUG:colcon.colcon_notification.desktop_notification.notify2:Failed to initialize notify2: org.freedesktop.DBus.Error.ServiceUnknown: The name org.freedesktop.Notifications was not provided by any .service files
[3.318s] DEBUG:colcon.colcon_core.event_reactor:joined thread
[3.318s] INFO:colcon.colcon_core.shell:Creating prefix script '/home/aa/ujin/ros_ws/install/local_setup.ps1'
[3.319s] INFO:colcon.colcon_core.shell:Creating prefix util module '/home/aa/ujin/ros_ws/install/_local_setup_util_ps1.py'
[3.321s] INFO:colcon.colcon_core.shell:Creating prefix chain script '/home/aa/ujin/ros_ws/install/setup.ps1'
[3.322s] INFO:colcon.colcon_core.shell:Creating prefix script '/home/aa/ujin/ros_ws/install/local_setup.sh'
[3.323s] INFO:colcon.colcon_core.shell:Creating prefix util module '/home/aa/ujin/ros_ws/install/_local_setup_util_sh.py'
[3.324s] INFO:colcon.colcon_core.shell:Creating prefix chain script '/home/aa/ujin/ros_ws/install/setup.sh'
[3.325s] INFO:colcon.colcon_core.shell:Creating prefix script '/home/aa/ujin/ros_ws/install/local_setup.bash'
[3.326s] INFO:colcon.colcon_core.shell:Creating prefix chain script '/home/aa/ujin/ros_ws/install/setup.bash'
[3.327s] INFO:colcon.colcon_core.shell:Creating prefix script '/home/aa/ujin/ros_ws/install/local_setup.zsh'
[3.328s] INFO:colcon.colcon_core.shell:Creating prefix chain script '/home/aa/ujin/ros_ws/install/setup.zsh'
