[1.284s] Invoking command in '/home/aa/ujin/ros_ws/build/ujin_basic': PYTHONPATH=/home/aa/ujin/ros_ws/build/ujin_basic/prefix_override:/usr/lib/python3/dist-packages/colcon_core/task/python/colcon_distutils_commands:/home/aa/ujin/ros_ws/install/ujin_basic/lib/python3.12/site-packages:${PYTHONPATH} /usr/bin/python3 -W ignore:setup.py install is deprecated -W ignore:easy_install command is deprecated setup.py develop --editable --build-directory /home/aa/ujin/ros_ws/build/ujin_basic/build --no-deps symlink_data
[1.598s] running develop
[1.750s] running egg_info
[1.770s] writing ujin_basic.egg-info/PKG-INFO
[1.770s] writing dependency_links to ujin_basic.egg-info/dependency_links.txt
[1.770s] writing entry points to ujin_basic.egg-info/entry_points.txt
[1.771s] writing requirements to ujin_basic.egg-info/requires.txt
[1.771s] writing top-level names to ujin_basic.egg-info/top_level.txt
[1.808s] reading manifest file 'ujin_basic.egg-info/SOURCES.txt'
[1.809s] writing manifest file 'ujin_basic.egg-info/SOURCES.txt'
[1.823s] running build_ext
[1.824s] Creating /home/aa/ujin/ros_ws/install/ujin_basic/lib/python3.12/site-packages/ujin-basic.egg-link (link to .)
[1.824s] Installing class_pub script to /home/aa/ujin/ros_ws/install/ujin_basic/lib/ujin_basic
[1.824s] Installing class_sub script to /home/aa/ujin/ros_ws/install/ujin_basic/lib/ujin_basic
[1.824s] Installing header_pub script to /home/aa/ujin/ros_ws/install/ujin_basic/lib/ujin_basic
[1.825s] Installing m2sub script to /home/aa/ujin/ros_ws/install/ujin_basic/lib/ujin_basic
[1.825s] Installing mpub script to /home/aa/ujin/ros_ws/install/ujin_basic/lib/ujin_basic
[1.825s] Installing msub script to /home/aa/ujin/ros_ws/install/ujin_basic/lib/ujin_basic
[1.825s] Installing mtsub script to /home/aa/ujin/ros_ws/install/ujin_basic/lib/ujin_basic
[1.825s] Installing mv_turtle script to /home/aa/ujin/ros_ws/install/ujin_basic/lib/ujin_basic
[1.825s] Installing simple_pub script to /home/aa/ujin/ros_ws/install/ujin_basic/lib/ujin_basic
[1.825s] Installing tpub script to /home/aa/ujin/ros_ws/install/ujin_basic/lib/ujin_basic
[1.826s] 
[1.826s] Installed /home/aa/ujin/ros_ws/build/ujin_basic
[1.826s] running symlink_data
[1.859s] Invoked command in '/home/aa/ujin/ros_ws/build/ujin_basic' returned '0': PYTHONPATH=/home/aa/ujin/ros_ws/build/ujin_basic/prefix_override:/usr/lib/python3/dist-packages/colcon_core/task/python/colcon_distutils_commands:/home/aa/ujin/ros_ws/install/ujin_basic/lib/python3.12/site-packages:${PYTHONPATH} /usr/bin/python3 -W ignore:setup.py install is deprecated -W ignore:easy_install command is deprecated setup.py develop --editable --build-directory /home/aa/ujin/ros_ws/build/ujin_basic/build --no-deps symlink_data
