[0.153s] DEBUG:colcon:Command line arguments: ['/usr/bin/colcon', 'build', '--symlink-install']
[0.153s] DEBUG:colcon:Parsed command line arguments: Namespace(log_base=None, log_level=None, verb_name='build', build_base='build', install_base='install', merge_install=False, symlink_install=True, test_result_base=None, continue_on_error=False, executor='parallel', parallel_workers=14, event_handlers=None, ignore_user_meta=False, metas=['./colcon.meta'], base_paths=['.'], packages_ignore=None, packages_ignore_regex=None, paths=None, packages_up_to=None, packages_up_to_regex=None, packages_above=None, packages_above_and_dependencies=None, packages_above_depth=None, packages_select_by_dep=None, packages_skip_by_dep=None, packages_skip_up_to=None, packages_select_build_failed=False, packages_skip_build_finished=False, packages_select_test_failures=False, packages_skip_test_passed=False, packages_select=None, packages_skip=None, packages_select_regex=None, packages_skip_regex=None, packages_start=None, packages_end=None, allow_overriding=[], cmake_args=None, cmake_target=None, cmake_target_skip_unavailable=False, cmake_clean_cache=False, cmake_clean_first=False, cmake_force_configure=False, ament_cmake_args=None, catkin_cmake_args=None, catkin_skip_building_tests=False, mixin_files=None, mixin=None, verb_parser=<colcon_mixin.mixin.mixin_argument.MixinArgumentDecorator object at 0x7eaf2cf79af0>, verb_extension=<colcon_core.verb.build.BuildVerb object at 0x7eaf2cf79790>, main=<bound method BuildVerb.main of <colcon_core.verb.build.BuildVerb object at 0x7eaf2cf79790>>, mixin_verb=('build',))
[0.195s] Level 1:colcon.colcon_core.package_discovery:discover_packages(colcon_meta) check parameters
[0.195s] Level 1:colcon.colcon_core.package_discovery:discover_packages(recursive) check parameters
[0.195s] Level 1:colcon.colcon_core.package_discovery:discover_packages(ignore) check parameters
[0.195s] Level 1:colcon.colcon_core.package_discovery:discover_packages(path) check parameters
[0.196s] Level 1:colcon.colcon_core.package_discovery:discover_packages(colcon_meta) discover
[0.196s] Level 1:colcon.colcon_core.package_discovery:discover_packages(recursive) discover
[0.196s] INFO:colcon.colcon_core.package_discovery:Crawling recursively for packages in '/home/aa/ujin/ros_ws'
[0.196s] Level 1:colcon.colcon_core.package_identification:_identify(.) by extensions ['ignore', 'ignore_ament_install']
[0.196s] Level 1:colcon.colcon_core.package_identification:_identify(.) by extension 'ignore'
[0.196s] Level 1:colcon.colcon_core.package_identification:_identify(.) by extension 'ignore_ament_install'
[0.197s] Level 1:colcon.colcon_core.package_identification:_identify(.) by extensions ['colcon_pkg']
[0.197s] Level 1:colcon.colcon_core.package_identification:_identify(.) by extension 'colcon_pkg'
[0.197s] Level 1:colcon.colcon_core.package_identification:_identify(.) by extensions ['colcon_meta']
[0.197s] Level 1:colcon.colcon_core.package_identification:_identify(.) by extension 'colcon_meta'
[0.198s] Level 1:colcon.colcon_core.package_identification:_identify(.) by extensions ['ros']
[0.198s] Level 1:colcon.colcon_core.package_identification:_identify(.) by extension 'ros'
[0.228s] Level 1:colcon.colcon_core.package_identification:_identify(.) by extensions ['cmake', 'python']
[0.228s] Level 1:colcon.colcon_core.package_identification:_identify(.) by extension 'cmake'
[0.228s] Level 1:colcon.colcon_core.package_identification:_identify(.) by extension 'python'
[0.228s] Level 1:colcon.colcon_core.package_identification:_identify(.) by extensions ['python_setup_py']
[0.228s] Level 1:colcon.colcon_core.package_identification:_identify(.) by extension 'python_setup_py'
[0.228s] Level 1:colcon.colcon_core.package_identification:_identify(build) by extensions ['ignore', 'ignore_ament_install']
[0.229s] Level 1:colcon.colcon_core.package_identification:_identify(build) by extension 'ignore'
[0.229s] Level 1:colcon.colcon_core.package_identification:_identify(build) ignored
[0.229s] Level 1:colcon.colcon_core.package_identification:_identify(install) by extensions ['ignore', 'ignore_ament_install']
[0.229s] Level 1:colcon.colcon_core.package_identification:_identify(install) by extension 'ignore'
[0.229s] Level 1:colcon.colcon_core.package_identification:_identify(install) ignored
[0.229s] Level 1:colcon.colcon_core.package_identification:_identify(log) by extensions ['ignore', 'ignore_ament_install']
[0.229s] Level 1:colcon.colcon_core.package_identification:_identify(log) by extension 'ignore'
[0.229s] Level 1:colcon.colcon_core.package_identification:_identify(log) ignored
[0.229s] Level 1:colcon.colcon_core.package_identification:_identify(src) by extensions ['ignore', 'ignore_ament_install']
[0.229s] Level 1:colcon.colcon_core.package_identification:_identify(src) by extension 'ignore'
[0.229s] Level 1:colcon.colcon_core.package_identification:_identify(src) by extension 'ignore_ament_install'
[0.229s] Level 1:colcon.colcon_core.package_identification:_identify(src) by extensions ['colcon_pkg']
[0.229s] Level 1:colcon.colcon_core.package_identification:_identify(src) by extension 'colcon_pkg'
[0.229s] Level 1:colcon.colcon_core.package_identification:_identify(src) by extensions ['colcon_meta']
[0.230s] Level 1:colcon.colcon_core.package_identification:_identify(src) by extension 'colcon_meta'
[0.230s] Level 1:colcon.colcon_core.package_identification:_identify(src) by extensions ['ros']
[0.230s] Level 1:colcon.colcon_core.package_identification:_identify(src) by extension 'ros'
[0.230s] Level 1:colcon.colcon_core.package_identification:_identify(src) by extensions ['cmake', 'python']
[0.230s] Level 1:colcon.colcon_core.package_identification:_identify(src) by extension 'cmake'
[0.230s] Level 1:colcon.colcon_core.package_identification:_identify(src) by extension 'python'
[0.230s] Level 1:colcon.colcon_core.package_identification:_identify(src) by extensions ['python_setup_py']
[0.230s] Level 1:colcon.colcon_core.package_identification:_identify(src) by extension 'python_setup_py'
[0.230s] Level 1:colcon.colcon_core.package_identification:_identify(src/ujin_basic) by extensions ['ignore', 'ignore_ament_install']
[0.230s] Level 1:colcon.colcon_core.package_identification:_identify(src/ujin_basic) by extension 'ignore'
[0.230s] Level 1:colcon.colcon_core.package_identification:_identify(src/ujin_basic) by extension 'ignore_ament_install'
[0.230s] Level 1:colcon.colcon_core.package_identification:_identify(src/ujin_basic) by extensions ['colcon_pkg']
[0.230s] Level 1:colcon.colcon_core.package_identification:_identify(src/ujin_basic) by extension 'colcon_pkg'
[0.231s] Level 1:colcon.colcon_core.package_identification:_identify(src/ujin_basic) by extensions ['colcon_meta']
[0.231s] Level 1:colcon.colcon_core.package_identification:_identify(src/ujin_basic) by extension 'colcon_meta'
[0.231s] Level 1:colcon.colcon_core.package_identification:_identify(src/ujin_basic) by extensions ['ros']
[0.231s] Level 1:colcon.colcon_core.package_identification:_identify(src/ujin_basic) by extension 'ros'
[0.235s] DEBUG:colcon.colcon_core.package_identification:Package 'src/ujin_basic' with type 'ros.ament_python' and name 'ujin_basic'
[0.236s] Level 1:colcon.colcon_core.package_discovery:discover_packages(recursive) using defaults
[0.237s] Level 1:colcon.colcon_core.package_discovery:discover_packages(ignore) discover
[0.237s] Level 1:colcon.colcon_core.package_discovery:discover_packages(ignore) using defaults
[0.237s] Level 1:colcon.colcon_core.package_discovery:discover_packages(path) discover
[0.237s] Level 1:colcon.colcon_core.package_discovery:discover_packages(path) using defaults
[0.261s] Level 1:colcon.colcon_core.package_discovery:discover_packages(prefix_path) check parameters
[0.261s] Level 1:colcon.colcon_core.package_discovery:discover_packages(prefix_path) discover
[0.262s] DEBUG:colcon.colcon_installed_package_information.package_discovery:Found 1 installed packages in /home/aa/ujin/ros_ws/install
[0.264s] DEBUG:colcon.colcon_installed_package_information.package_discovery:Found 287 installed packages in /opt/ros/jazzy
[0.265s] Level 1:colcon.colcon_core.package_discovery:discover_packages(prefix_path) using defaults
[0.305s] Level 5:colcon.colcon_core.verb:set package 'ujin_basic' build argument 'cmake_args' from command line to 'None'
[0.305s] Level 5:colcon.colcon_core.verb:set package 'ujin_basic' build argument 'cmake_target' from command line to 'None'
[0.305s] Level 5:colcon.colcon_core.verb:set package 'ujin_basic' build argument 'cmake_target_skip_unavailable' from command line to 'False'
[0.305s] Level 5:colcon.colcon_core.verb:set package 'ujin_basic' build argument 'cmake_clean_cache' from command line to 'False'
[0.305s] Level 5:colcon.colcon_core.verb:set package 'ujin_basic' build argument 'cmake_clean_first' from command line to 'False'
[0.305s] Level 5:colcon.colcon_core.verb:set package 'ujin_basic' build argument 'cmake_force_configure' from command line to 'False'
[0.305s] Level 5:colcon.colcon_core.verb:set package 'ujin_basic' build argument 'ament_cmake_args' from command line to 'None'
[0.305s] Level 5:colcon.colcon_core.verb:set package 'ujin_basic' build argument 'catkin_cmake_args' from command line to 'None'
[0.305s] Level 5:colcon.colcon_core.verb:set package 'ujin_basic' build argument 'catkin_skip_building_tests' from command line to 'False'
[0.305s] DEBUG:colcon.colcon_core.verb:Building package 'ujin_basic' with the following arguments: {'ament_cmake_args': None, 'build_base': '/home/aa/ujin/ros_ws/build/ujin_basic', 'catkin_cmake_args': None, 'catkin_skip_building_tests': False, 'cmake_args': None, 'cmake_clean_cache': False, 'cmake_clean_first': False, 'cmake_force_configure': False, 'cmake_target': None, 'cmake_target_skip_unavailable': False, 'install_base': '/home/aa/ujin/ros_ws/install/ujin_basic', 'merge_install': False, 'path': '/home/aa/ujin/ros_ws/src/ujin_basic', 'symlink_install': True, 'test_result_base': None}
[0.306s] INFO:colcon.colcon_core.executor:Executing jobs using 'parallel' executor
[0.307s] DEBUG:colcon.colcon_parallel_executor.executor.parallel:run_until_complete
[0.308s] INFO:colcon.colcon_ros.task.ament_python.build:Building ROS package in '/home/aa/ujin/ros_ws/src/ujin_basic' with build type 'ament_python'
[0.309s] Level 1:colcon.colcon_core.shell:create_environment_hook('ujin_basic', 'ament_prefix_path')
[0.312s] INFO:colcon.colcon_core.plugin_system:Skipping extension 'colcon_core.shell.bat': Not used on non-Windows systems
[0.313s] INFO:colcon.colcon_core.shell:Creating environment hook '/home/aa/ujin/ros_ws/install/ujin_basic/share/ujin_basic/hook/ament_prefix_path.ps1'
[0.314s] INFO:colcon.colcon_core.shell:Creating environment descriptor '/home/aa/ujin/ros_ws/install/ujin_basic/share/ujin_basic/hook/ament_prefix_path.dsv'
[0.315s] INFO:colcon.colcon_core.shell:Creating environment hook '/home/aa/ujin/ros_ws/install/ujin_basic/share/ujin_basic/hook/ament_prefix_path.sh'
[0.317s] INFO:colcon.colcon_core.shell:Skip shell extension 'powershell' for command environment: Not usable outside of PowerShell
[0.317s] DEBUG:colcon.colcon_core.shell:Skip shell extension 'dsv' for command environment
[0.606s] INFO:colcon.colcon_core.task.python.build:Building Python package in '/home/aa/ujin/ros_ws/src/ujin_basic'
[0.606s] INFO:colcon.colcon_core.shell:Skip shell extension 'powershell' for command environment: Not usable outside of PowerShell
[0.606s] DEBUG:colcon.colcon_core.shell:Skip shell extension 'dsv' for command environment
[1.164s] DEBUG:colcon.colcon_core.task.python.build:Available setuptools commands: upload, bdist_dumb, setopt, bdist_rpm, bdist, install_headers, symlink_data, install_egg_info, install_lib, build_ext, clean, editable_wheel, alias, sdist, install, compile_catalog, init_catalog, egg_info, easy_install, rotate, develop, build_py, saveopts, dist_info, bdist_egg, extract_messages, test, update_catalog, install_data, check, register, build_scripts, build, install_scripts, build_clib, upload_docs
[1.476s] DEBUG:colcon.colcon_core.task.python.build:Available setuptools 'develop' options: --editable, --build-directory, --quiet, --site-dirs, --uninstall, --dry-run, --index-url, --version, --egg-path, --optimize, --zip-ok, --no-find-links, --force-installation-into-system-dir, --prefix, --find-links, --verbose, --always-copy, --local-snapshots-ok, --upgrade, --install-layout, --user, --install-dir, --record, --no-deps, --allow-hosts, --multi-version, --exclude-scripts, --no-user-cfg, --help, --script-dir, --always-unzip
[1.483s] DEBUG:colcon.colcon_core.event_handler.log_command:Invoking command in '/home/aa/ujin/ros_ws/build/ujin_basic': PYTHONPATH=/home/aa/ujin/ros_ws/build/ujin_basic/prefix_override:/usr/lib/python3/dist-packages/colcon_core/task/python/colcon_distutils_commands:/home/aa/ujin/ros_ws/install/ujin_basic/lib/python3.12/site-packages:${PYTHONPATH} /usr/bin/python3 -W ignore:setup.py install is deprecated -W ignore:easy_install command is deprecated setup.py develop --editable --build-directory /home/aa/ujin/ros_ws/build/ujin_basic/build --no-deps symlink_data
[2.109s] Level 1:colcon.colcon_core.shell:create_environment_hook('ujin_basic', 'pythonpath_develop')
[2.110s] DEBUG:colcon.colcon_core.event_handler.log_command:Invoked command in '/home/aa/ujin/ros_ws/build/ujin_basic' returned '0': PYTHONPATH=/home/aa/ujin/ros_ws/build/ujin_basic/prefix_override:/usr/lib/python3/dist-packages/colcon_core/task/python/colcon_distutils_commands:/home/aa/ujin/ros_ws/install/ujin_basic/lib/python3.12/site-packages:${PYTHONPATH} /usr/bin/python3 -W ignore:setup.py install is deprecated -W ignore:easy_install command is deprecated setup.py develop --editable --build-directory /home/aa/ujin/ros_ws/build/ujin_basic/build --no-deps symlink_data
[2.110s] INFO:colcon.colcon_core.shell:Creating environment hook '/home/aa/ujin/ros_ws/build/ujin_basic/share/ujin_basic/hook/pythonpath_develop.ps1'
[2.111s] INFO:colcon.colcon_core.shell:Creating environment descriptor '/home/aa/ujin/ros_ws/build/ujin_basic/share/ujin_basic/hook/pythonpath_develop.dsv'
[2.111s] INFO:colcon.colcon_core.shell:Creating environment hook '/home/aa/ujin/ros_ws/build/ujin_basic/share/ujin_basic/hook/pythonpath_develop.sh'
[2.113s] Level 1:colcon.colcon_core.environment:checking '/home/aa/ujin/ros_ws/install/ujin_basic' for CMake module files
[2.113s] Level 1:colcon.colcon_core.environment:checking '/home/aa/ujin/ros_ws/install/ujin_basic' for CMake config files
[2.114s] Level 1:colcon.colcon_core.environment:checking '/home/aa/ujin/ros_ws/install/ujin_basic/lib'
[2.114s] Level 1:colcon.colcon_core.environment:checking '/home/aa/ujin/ros_ws/install/ujin_basic/bin'
[2.114s] Level 1:colcon.colcon_core.environment:checking '/home/aa/ujin/ros_ws/install/ujin_basic/lib/pkgconfig/ujin_basic.pc'
[2.114s] Level 1:colcon.colcon_core.environment:checking '/home/aa/ujin/ros_ws/install/ujin_basic/lib/python3.12/site-packages'
[2.115s] Level 1:colcon.colcon_core.shell:create_environment_hook('ujin_basic', 'pythonpath')
[2.115s] INFO:colcon.colcon_core.shell:Creating environment hook '/home/aa/ujin/ros_ws/install/ujin_basic/share/ujin_basic/hook/pythonpath.ps1'
[2.116s] INFO:colcon.colcon_core.shell:Creating environment descriptor '/home/aa/ujin/ros_ws/install/ujin_basic/share/ujin_basic/hook/pythonpath.dsv'
[2.116s] INFO:colcon.colcon_core.shell:Creating environment hook '/home/aa/ujin/ros_ws/install/ujin_basic/share/ujin_basic/hook/pythonpath.sh'
[2.118s] Level 1:colcon.colcon_core.environment:checking '/home/aa/ujin/ros_ws/install/ujin_basic/bin'
[2.118s] Level 1:colcon.colcon_core.environment:create_environment_scripts_only(ujin_basic)
[2.118s] INFO:colcon.colcon_core.shell:Creating package script '/home/aa/ujin/ros_ws/install/ujin_basic/share/ujin_basic/package.ps1'
[2.120s] INFO:colcon.colcon_core.shell:Creating package descriptor '/home/aa/ujin/ros_ws/install/ujin_basic/share/ujin_basic/package.dsv'
[2.121s] INFO:colcon.colcon_core.shell:Creating package script '/home/aa/ujin/ros_ws/install/ujin_basic/share/ujin_basic/package.sh'
[2.122s] INFO:colcon.colcon_core.shell:Creating package script '/home/aa/ujin/ros_ws/install/ujin_basic/share/ujin_basic/package.bash'
[2.123s] INFO:colcon.colcon_core.shell:Creating package script '/home/aa/ujin/ros_ws/install/ujin_basic/share/ujin_basic/package.zsh'
[2.123s] Level 1:colcon.colcon_core.environment:create_file_with_runtime_dependencies(/home/aa/ujin/ros_ws/install/ujin_basic/share/colcon-core/packages/ujin_basic)
[2.125s] DEBUG:colcon.colcon_parallel_executor.executor.parallel:closing loop
[2.126s] DEBUG:colcon.colcon_parallel_executor.executor.parallel:loop closed
[2.126s] DEBUG:colcon.colcon_parallel_executor.executor.parallel:run_until_complete finished with '0'
[2.126s] DEBUG:colcon.colcon_core.event_reactor:joining thread
[2.154s] INFO:colcon.colcon_core.plugin_system:Skipping extension 'colcon_notification.desktop_notification.notify_send': Could not find 'notify-send'
[2.155s] INFO:colcon.colcon_core.plugin_system:Skipping extension 'colcon_notification.desktop_notification.terminal_notifier': Not used on non-Darwin systems
[2.155s] INFO:colcon.colcon_core.plugin_system:Skipping extension 'colcon_notification.desktop_notification.win32': Not used on non-Windows systems
[2.155s] INFO:colcon.colcon_notification.desktop_notification:Sending desktop notification using 'notify2'
[2.157s] DEBUG:colcon.colcon_notification.desktop_notification.notify2:Failed to initialize notify2: org.freedesktop.DBus.Error.ServiceUnknown: The name org.freedesktop.Notifications was not provided by any .service files
[2.157s] DEBUG:colcon.colcon_core.event_reactor:joined thread
[2.158s] INFO:colcon.colcon_core.shell:Creating prefix script '/home/aa/ujin/ros_ws/install/local_setup.ps1'
[2.159s] INFO:colcon.colcon_core.shell:Creating prefix util module '/home/aa/ujin/ros_ws/install/_local_setup_util_ps1.py'
[2.159s] INFO:colcon.colcon_core.shell:Creating prefix chain script '/home/aa/ujin/ros_ws/install/setup.ps1'
[2.160s] INFO:colcon.colcon_core.shell:Creating prefix script '/home/aa/ujin/ros_ws/install/local_setup.sh'
[2.160s] INFO:colcon.colcon_core.shell:Creating prefix util module '/home/aa/ujin/ros_ws/install/_local_setup_util_sh.py'
[2.161s] INFO:colcon.colcon_core.shell:Creating prefix chain script '/home/aa/ujin/ros_ws/install/setup.sh'
[2.162s] INFO:colcon.colcon_core.shell:Creating prefix script '/home/aa/ujin/ros_ws/install/local_setup.bash'
[2.162s] INFO:colcon.colcon_core.shell:Creating prefix chain script '/home/aa/ujin/ros_ws/install/setup.bash'
[2.162s] INFO:colcon.colcon_core.shell:Creating prefix script '/home/aa/ujin/ros_ws/install/local_setup.zsh'
[2.163s] INFO:colcon.colcon_core.shell:Creating prefix chain script '/home/aa/ujin/ros_ws/install/setup.zsh'
