[1.724s] Invoking command in '/home/aa/ujin/ros_ws/build/ujin_basic': PYTHONPATH=/home/aa/ujin/ros_ws/build/ujin_basic/prefix_override:/usr/lib/python3/dist-packages/colcon_core/task/python/colcon_distutils_commands:/home/aa/ujin/ros_ws/install/ujin_basic/lib/python3.12/site-packages:${PYTHONPATH} /usr/bin/python3 -W ignore:setup.py install is deprecated -W ignore:easy_install command is deprecated setup.py develop --editable --build-directory /home/aa/ujin/ros_ws/build/ujin_basic/build --no-deps symlink_data
[2.085s] running develop
[2.282s] running egg_info
[2.282s] creating ujin_basic.egg-info
[2.296s] writing ujin_basic.egg-info/PKG-INFO
[2.297s] writing dependency_links to ujin_basic.egg-info/dependency_links.txt
[2.298s] writing entry points to ujin_basic.egg-info/entry_points.txt
[2.298s] writing requirements to ujin_basic.egg-info/requires.txt
[2.298s] writing top-level names to ujin_basic.egg-info/top_level.txt
[2.299s] writing manifest file 'ujin_basic.egg-info/SOURCES.txt'
[2.326s] reading manifest file 'ujin_basic.egg-info/SOURCES.txt'
[2.332s] writing manifest file 'ujin_basic.egg-info/SOURCES.txt'
[2.360s] running build_ext
[2.361s] Creating /home/aa/ujin/ros_ws/install/ujin_basic/lib/python3.12/site-packages/ujin-basic.egg-link (link to .)
[2.362s] Installing simple_pub script to /home/aa/ujin/ros_ws/install/ujin_basic/lib/ujin_basic
[2.362s] 
[2.362s] Installed /home/aa/ujin/ros_ws/build/ujin_basic
[2.362s] running symlink_data
[2.362s] creating /home/aa/ujin/ros_ws/install/ujin_basic/share/ament_index
[2.363s] creating /home/aa/ujin/ros_ws/install/ujin_basic/share/ament_index/resource_index
[2.364s] creating /home/aa/ujin/ros_ws/install/ujin_basic/share/ament_index/resource_index/packages
[2.365s] symbolically linking /home/aa/ujin/ros_ws/build/ujin_basic/resource/ujin_basic -> /home/aa/ujin/ros_ws/install/ujin_basic/share/ament_index/resource_index/packages
[2.365s] symbolically linking /home/aa/ujin/ros_ws/build/ujin_basic/package.xml -> /home/aa/ujin/ros_ws/install/ujin_basic/share/ujin_basic
[2.392s] Invoked command in '/home/aa/ujin/ros_ws/build/ujin_basic' returned '0': PYTHONPATH=/home/aa/ujin/ros_ws/build/ujin_basic/prefix_override:/usr/lib/python3/dist-packages/colcon_core/task/python/colcon_distutils_commands:/home/aa/ujin/ros_ws/install/ujin_basic/lib/python3.12/site-packages:${PYTHONPATH} /usr/bin/python3 -W ignore:setup.py install is deprecated -W ignore:easy_install command is deprecated setup.py develop --editable --build-directory /home/aa/ujin/ros_ws/build/ujin_basic/build --no-deps symlink_data
