[0.214s] DEBUG:colcon:Command line arguments: ['/usr/bin/colcon', 'build', '--symlink-install']
[0.214s] DEBUG:colcon:Parsed command line arguments: Namespace(log_base=None, log_level=None, verb_name='build', build_base='build', install_base='install', merge_install=False, symlink_install=True, test_result_base=None, continue_on_error=False, executor='parallel', parallel_workers=14, event_handlers=None, ignore_user_meta=False, metas=['./colcon.meta'], base_paths=['.'], packages_ignore=None, packages_ignore_regex=None, paths=None, packages_up_to=None, packages_up_to_regex=None, packages_above=None, packages_above_and_dependencies=None, packages_above_depth=None, packages_select_by_dep=None, packages_skip_by_dep=None, packages_skip_up_to=None, packages_select_build_failed=False, packages_skip_build_finished=False, packages_select_test_failures=False, packages_skip_test_passed=False, packages_select=None, packages_skip=None, packages_select_regex=None, packages_skip_regex=None, packages_start=None, packages_end=None, allow_overriding=[], cmake_args=None, cmake_target=None, cmake_target_skip_unavailable=False, cmake_clean_cache=False, cmake_clean_first=False, cmake_force_configure=False, ament_cmake_args=None, catkin_cmake_args=None, catkin_skip_building_tests=False, mixin_files=None, mixin=None, verb_parser=<colcon_mixin.mixin.mixin_argument.MixinArgumentDecorator object at 0x70ee16d89ac0>, verb_extension=<colcon_core.verb.build.BuildVerb object at 0x70ee16f5f500>, main=<bound method BuildVerb.main of <colcon_core.verb.build.BuildVerb object at 0x70ee16f5f500>>, mixin_verb=('build',))
[0.279s] Level 1:colcon.colcon_core.package_discovery:discover_packages(colcon_meta) check parameters
[0.279s] Level 1:colcon.colcon_core.package_discovery:discover_packages(recursive) check parameters
[0.279s] Level 1:colcon.colcon_core.package_discovery:discover_packages(ignore) check parameters
[0.279s] Level 1:colcon.colcon_core.package_discovery:discover_packages(path) check parameters
[0.279s] Level 1:colcon.colcon_core.package_discovery:discover_packages(colcon_meta) discover
[0.279s] Level 1:colcon.colcon_core.package_discovery:discover_packages(recursive) discover
[0.279s] INFO:colcon.colcon_core.package_discovery:Crawling recursively for packages in '/home/aa/ujin/ros_ws'
[0.279s] Level 1:colcon.colcon_core.package_identification:_identify(.) by extensions ['ignore', 'ignore_ament_install']
[0.280s] Level 1:colcon.colcon_core.package_identification:_identify(.) by extension 'ignore'
[0.280s] Level 1:colcon.colcon_core.package_identification:_identify(.) by extension 'ignore_ament_install'
[0.280s] Level 1:colcon.colcon_core.package_identification:_identify(.) by extensions ['colcon_pkg']
[0.280s] Level 1:colcon.colcon_core.package_identification:_identify(.) by extension 'colcon_pkg'
[0.280s] Level 1:colcon.colcon_core.package_identification:_identify(.) by extensions ['colcon_meta']
[0.280s] Level 1:colcon.colcon_core.package_identification:_identify(.) by extension 'colcon_meta'
[0.280s] Level 1:colcon.colcon_core.package_identification:_identify(.) by extensions ['ros']
[0.280s] Level 1:colcon.colcon_core.package_identification:_identify(.) by extension 'ros'
[0.326s] Level 1:colcon.colcon_core.package_identification:_identify(.) by extensions ['cmake', 'python']
[0.326s] Level 1:colcon.colcon_core.package_identification:_identify(.) by extension 'cmake'
[0.326s] Level 1:colcon.colcon_core.package_identification:_identify(.) by extension 'python'
[0.326s] Level 1:colcon.colcon_core.package_identification:_identify(.) by extensions ['python_setup_py']
[0.326s] Level 1:colcon.colcon_core.package_identification:_identify(.) by extension 'python_setup_py'
[0.326s] Level 1:colcon.colcon_core.package_identification:_identify(build) by extensions ['ignore', 'ignore_ament_install']
[0.326s] Level 1:colcon.colcon_core.package_identification:_identify(build) by extension 'ignore'
[0.326s] Level 1:colcon.colcon_core.package_identification:_identify(build) ignored
[0.326s] Level 1:colcon.colcon_core.package_identification:_identify(install) by extensions ['ignore', 'ignore_ament_install']
[0.327s] Level 1:colcon.colcon_core.package_identification:_identify(install) by extension 'ignore'
[0.327s] Level 1:colcon.colcon_core.package_identification:_identify(install) ignored
[0.327s] Level 1:colcon.colcon_core.package_identification:_identify(log) by extensions ['ignore', 'ignore_ament_install']
[0.327s] Level 1:colcon.colcon_core.package_identification:_identify(log) by extension 'ignore'
[0.327s] Level 1:colcon.colcon_core.package_identification:_identify(log) ignored
[0.327s] Level 1:colcon.colcon_core.package_identification:_identify(src) by extensions ['ignore', 'ignore_ament_install']
[0.327s] Level 1:colcon.colcon_core.package_identification:_identify(src) by extension 'ignore'
[0.327s] Level 1:colcon.colcon_core.package_identification:_identify(src) by extension 'ignore_ament_install'
[0.327s] Level 1:colcon.colcon_core.package_identification:_identify(src) by extensions ['colcon_pkg']
[0.327s] Level 1:colcon.colcon_core.package_identification:_identify(src) by extension 'colcon_pkg'
[0.327s] Level 1:colcon.colcon_core.package_identification:_identify(src) by extensions ['colcon_meta']
[0.327s] Level 1:colcon.colcon_core.package_identification:_identify(src) by extension 'colcon_meta'
[0.328s] Level 1:colcon.colcon_core.package_identification:_identify(src) by extensions ['ros']
[0.328s] Level 1:colcon.colcon_core.package_identification:_identify(src) by extension 'ros'
[0.328s] Level 1:colcon.colcon_core.package_identification:_identify(src) by extensions ['cmake', 'python']
[0.328s] Level 1:colcon.colcon_core.package_identification:_identify(src) by extension 'cmake'
[0.328s] Level 1:colcon.colcon_core.package_identification:_identify(src) by extension 'python'
[0.328s] Level 1:colcon.colcon_core.package_identification:_identify(src) by extensions ['python_setup_py']
[0.328s] Level 1:colcon.colcon_core.package_identification:_identify(src) by extension 'python_setup_py'
[0.328s] Level 1:colcon.colcon_core.package_identification:_identify(src/ujin_basic) by extensions ['ignore', 'ignore_ament_install']
[0.328s] Level 1:colcon.colcon_core.package_identification:_identify(src/ujin_basic) by extension 'ignore'
[0.328s] Level 1:colcon.colcon_core.package_identification:_identify(src/ujin_basic) by extension 'ignore_ament_install'
[0.328s] Level 1:colcon.colcon_core.package_identification:_identify(src/ujin_basic) by extensions ['colcon_pkg']
[0.328s] Level 1:colcon.colcon_core.package_identification:_identify(src/ujin_basic) by extension 'colcon_pkg'
[0.328s] Level 1:colcon.colcon_core.package_identification:_identify(src/ujin_basic) by extensions ['colcon_meta']
[0.328s] Level 1:colcon.colcon_core.package_identification:_identify(src/ujin_basic) by extension 'colcon_meta'
[0.328s] Level 1:colcon.colcon_core.package_identification:_identify(src/ujin_basic) by extensions ['ros']
[0.328s] Level 1:colcon.colcon_core.package_identification:_identify(src/ujin_basic) by extension 'ros'
[0.330s] DEBUG:colcon.colcon_core.package_identification:Package 'src/ujin_basic' with type 'ros.ament_python' and name 'ujin_basic'
[0.331s] Level 1:colcon.colcon_core.package_discovery:discover_packages(recursive) using defaults
[0.331s] Level 1:colcon.colcon_core.package_discovery:discover_packages(ignore) discover
[0.331s] Level 1:colcon.colcon_core.package_discovery:discover_packages(ignore) using defaults
[0.332s] Level 1:colcon.colcon_core.package_discovery:discover_packages(path) discover
[0.332s] Level 1:colcon.colcon_core.package_discovery:discover_packages(path) using defaults
[0.356s] Level 1:colcon.colcon_core.package_discovery:discover_packages(prefix_path) check parameters
[0.356s] Level 1:colcon.colcon_core.package_discovery:discover_packages(prefix_path) discover
[0.358s] DEBUG:colcon.colcon_installed_package_information.package_discovery:Found 1 installed packages in /home/aa/ujin/ros_ws/install
[0.360s] DEBUG:colcon.colcon_installed_package_information.package_discovery:Found 287 installed packages in /opt/ros/jazzy
[0.362s] Level 1:colcon.colcon_core.package_discovery:discover_packages(prefix_path) using defaults
[0.410s] Level 5:colcon.colcon_core.verb:set package 'ujin_basic' build argument 'cmake_args' from command line to 'None'
[0.410s] Level 5:colcon.colcon_core.verb:set package 'ujin_basic' build argument 'cmake_target' from command line to 'None'
[0.410s] Level 5:colcon.colcon_core.verb:set package 'ujin_basic' build argument 'cmake_target_skip_unavailable' from command line to 'False'
[0.410s] Level 5:colcon.colcon_core.verb:set package 'ujin_basic' build argument 'cmake_clean_cache' from command line to 'False'
[0.410s] Level 5:colcon.colcon_core.verb:set package 'ujin_basic' build argument 'cmake_clean_first' from command line to 'False'
[0.410s] Level 5:colcon.colcon_core.verb:set package 'ujin_basic' build argument 'cmake_force_configure' from command line to 'False'
[0.410s] Level 5:colcon.colcon_core.verb:set package 'ujin_basic' build argument 'ament_cmake_args' from command line to 'None'
[0.410s] Level 5:colcon.colcon_core.verb:set package 'ujin_basic' build argument 'catkin_cmake_args' from command line to 'None'
[0.410s] Level 5:colcon.colcon_core.verb:set package 'ujin_basic' build argument 'catkin_skip_building_tests' from command line to 'False'
[0.410s] DEBUG:colcon.colcon_core.verb:Building package 'ujin_basic' with the following arguments: {'ament_cmake_args': None, 'build_base': '/home/aa/ujin/ros_ws/build/ujin_basic', 'catkin_cmake_args': None, 'catkin_skip_building_tests': False, 'cmake_args': None, 'cmake_clean_cache': False, 'cmake_clean_first': False, 'cmake_force_configure': False, 'cmake_target': None, 'cmake_target_skip_unavailable': False, 'install_base': '/home/aa/ujin/ros_ws/install/ujin_basic', 'merge_install': False, 'path': '/home/aa/ujin/ros_ws/src/ujin_basic', 'symlink_install': True, 'test_result_base': None}
[0.411s] INFO:colcon.colcon_core.executor:Executing jobs using 'parallel' executor
[0.412s] DEBUG:colcon.colcon_parallel_executor.executor.parallel:run_until_complete
[0.413s] INFO:colcon.colcon_ros.task.ament_python.build:Building ROS package in '/home/aa/ujin/ros_ws/src/ujin_basic' with build type 'ament_python'
[0.413s] Level 1:colcon.colcon_core.shell:create_environment_hook('ujin_basic', 'ament_prefix_path')
[0.415s] INFO:colcon.colcon_core.plugin_system:Skipping extension 'colcon_core.shell.bat': Not used on non-Windows systems
[0.416s] INFO:colcon.colcon_core.shell:Creating environment hook '/home/aa/ujin/ros_ws/install/ujin_basic/share/ujin_basic/hook/ament_prefix_path.ps1'
[0.416s] INFO:colcon.colcon_core.shell:Creating environment descriptor '/home/aa/ujin/ros_ws/install/ujin_basic/share/ujin_basic/hook/ament_prefix_path.dsv'
[0.417s] INFO:colcon.colcon_core.shell:Creating environment hook '/home/aa/ujin/ros_ws/install/ujin_basic/share/ujin_basic/hook/ament_prefix_path.sh'
[0.418s] INFO:colcon.colcon_core.shell:Skip shell extension 'powershell' for command environment: Not usable outside of PowerShell
[0.418s] DEBUG:colcon.colcon_core.shell:Skip shell extension 'dsv' for command environment
[0.635s] INFO:colcon.colcon_core.task.python.build:Building Python package in '/home/aa/ujin/ros_ws/src/ujin_basic'
[0.635s] INFO:colcon.colcon_core.shell:Skip shell extension 'powershell' for command environment: Not usable outside of PowerShell
[0.636s] DEBUG:colcon.colcon_core.shell:Skip shell extension 'dsv' for command environment
[0.531s] DEBUG:colcon.colcon_core.task.python.build:Available setuptools commands: upload, install_lib, build_clib, extract_messages, install_headers, build_scripts, clean, register, install_data, check, saveopts, egg_info, rotate, install_scripts, bdist_dumb, bdist_rpm, dist_info, sdist, test, upload_docs, init_catalog, symlink_data, build_ext, easy_install, editable_wheel, bdist, install_egg_info, build_py, compile_catalog, build, bdist_egg, setopt, alias, install, update_catalog, develop
[0.841s] DEBUG:colcon.colcon_core.task.python.build:Available setuptools 'develop' options: --verbose, --help, --always-copy, --index-url, --egg-path, --uninstall, --allow-hosts, --build-directory, --site-dirs, --always-unzip, --version, --script-dir, --record, --no-deps, --prefix, --upgrade, --editable, --no-user-cfg, --user, --local-snapshots-ok, --force-installation-into-system-dir, --find-links, --quiet, --zip-ok, --multi-version, --optimize, --install-dir, --install-layout, --dry-run, --exclude-scripts, --no-find-links
[0.846s] DEBUG:colcon.colcon_core.event_handler.log_command:Invoking command in '/home/aa/ujin/ros_ws/build/ujin_basic': PYTHONPATH=/home/aa/ujin/ros_ws/build/ujin_basic/prefix_override:/usr/lib/python3/dist-packages/colcon_core/task/python/colcon_distutils_commands:/home/aa/ujin/ros_ws/install/ujin_basic/lib/python3.12/site-packages:${PYTHONPATH} /usr/bin/python3 -W ignore:setup.py install is deprecated -W ignore:easy_install command is deprecated setup.py develop --editable --build-directory /home/aa/ujin/ros_ws/build/ujin_basic/build --no-deps symlink_data
[1.475s] Level 1:colcon.colcon_core.shell:create_environment_hook('ujin_basic', 'pythonpath_develop')
[1.476s] DEBUG:colcon.colcon_core.event_handler.log_command:Invoked command in '/home/aa/ujin/ros_ws/build/ujin_basic' returned '0': PYTHONPATH=/home/aa/ujin/ros_ws/build/ujin_basic/prefix_override:/usr/lib/python3/dist-packages/colcon_core/task/python/colcon_distutils_commands:/home/aa/ujin/ros_ws/install/ujin_basic/lib/python3.12/site-packages:${PYTHONPATH} /usr/bin/python3 -W ignore:setup.py install is deprecated -W ignore:easy_install command is deprecated setup.py develop --editable --build-directory /home/aa/ujin/ros_ws/build/ujin_basic/build --no-deps symlink_data
[1.476s] INFO:colcon.colcon_core.shell:Creating environment hook '/home/aa/ujin/ros_ws/build/ujin_basic/share/ujin_basic/hook/pythonpath_develop.ps1'
[1.477s] INFO:colcon.colcon_core.shell:Creating environment descriptor '/home/aa/ujin/ros_ws/build/ujin_basic/share/ujin_basic/hook/pythonpath_develop.dsv'
[1.477s] INFO:colcon.colcon_core.shell:Creating environment hook '/home/aa/ujin/ros_ws/build/ujin_basic/share/ujin_basic/hook/pythonpath_develop.sh'
[1.482s] Level 1:colcon.colcon_core.environment:checking '/home/aa/ujin/ros_ws/install/ujin_basic' for CMake module files
[1.482s] Level 1:colcon.colcon_core.environment:checking '/home/aa/ujin/ros_ws/install/ujin_basic' for CMake config files
[1.483s] Level 1:colcon.colcon_core.environment:checking '/home/aa/ujin/ros_ws/install/ujin_basic/lib'
[1.484s] Level 1:colcon.colcon_core.environment:checking '/home/aa/ujin/ros_ws/install/ujin_basic/bin'
[1.484s] Level 1:colcon.colcon_core.environment:checking '/home/aa/ujin/ros_ws/install/ujin_basic/lib/pkgconfig/ujin_basic.pc'
[1.484s] Level 1:colcon.colcon_core.environment:checking '/home/aa/ujin/ros_ws/install/ujin_basic/lib/python3.12/site-packages'
[1.485s] Level 1:colcon.colcon_core.shell:create_environment_hook('ujin_basic', 'pythonpath')
[1.485s] INFO:colcon.colcon_core.shell:Creating environment hook '/home/aa/ujin/ros_ws/install/ujin_basic/share/ujin_basic/hook/pythonpath.ps1'
[1.485s] INFO:colcon.colcon_core.shell:Creating environment descriptor '/home/aa/ujin/ros_ws/install/ujin_basic/share/ujin_basic/hook/pythonpath.dsv'
[1.485s] INFO:colcon.colcon_core.shell:Creating environment hook '/home/aa/ujin/ros_ws/install/ujin_basic/share/ujin_basic/hook/pythonpath.sh'
[1.486s] Level 1:colcon.colcon_core.environment:checking '/home/aa/ujin/ros_ws/install/ujin_basic/bin'
[1.486s] Level 1:colcon.colcon_core.environment:create_environment_scripts_only(ujin_basic)
[1.486s] INFO:colcon.colcon_core.shell:Creating package script '/home/aa/ujin/ros_ws/install/ujin_basic/share/ujin_basic/package.ps1'
[1.487s] INFO:colcon.colcon_core.shell:Creating package descriptor '/home/aa/ujin/ros_ws/install/ujin_basic/share/ujin_basic/package.dsv'
[1.488s] INFO:colcon.colcon_core.shell:Creating package script '/home/aa/ujin/ros_ws/install/ujin_basic/share/ujin_basic/package.sh'
[1.489s] INFO:colcon.colcon_core.shell:Creating package script '/home/aa/ujin/ros_ws/install/ujin_basic/share/ujin_basic/package.bash'
[1.490s] INFO:colcon.colcon_core.shell:Creating package script '/home/aa/ujin/ros_ws/install/ujin_basic/share/ujin_basic/package.zsh'
[1.491s] Level 1:colcon.colcon_core.environment:create_file_with_runtime_dependencies(/home/aa/ujin/ros_ws/install/ujin_basic/share/colcon-core/packages/ujin_basic)
[1.491s] DEBUG:colcon.colcon_parallel_executor.executor.parallel:closing loop
[1.492s] DEBUG:colcon.colcon_parallel_executor.executor.parallel:loop closed
[1.492s] DEBUG:colcon.colcon_parallel_executor.executor.parallel:run_until_complete finished with '0'
[1.492s] DEBUG:colcon.colcon_core.event_reactor:joining thread
[1.522s] INFO:colcon.colcon_core.plugin_system:Skipping extension 'colcon_notification.desktop_notification.notify_send': Could not find 'notify-send'
[1.522s] INFO:colcon.colcon_core.plugin_system:Skipping extension 'colcon_notification.desktop_notification.terminal_notifier': Not used on non-Darwin systems
[1.523s] INFO:colcon.colcon_core.plugin_system:Skipping extension 'colcon_notification.desktop_notification.win32': Not used on non-Windows systems
[1.523s] INFO:colcon.colcon_notification.desktop_notification:Sending desktop notification using 'notify2'
[1.524s] DEBUG:colcon.colcon_notification.desktop_notification.notify2:Failed to initialize notify2: org.freedesktop.DBus.Error.ServiceUnknown: The name org.freedesktop.Notifications was not provided by any .service files
[1.524s] DEBUG:colcon.colcon_core.event_reactor:joined thread
[1.525s] INFO:colcon.colcon_core.shell:Creating prefix script '/home/aa/ujin/ros_ws/install/local_setup.ps1'
[1.526s] INFO:colcon.colcon_core.shell:Creating prefix util module '/home/aa/ujin/ros_ws/install/_local_setup_util_ps1.py'
[1.528s] INFO:colcon.colcon_core.shell:Creating prefix chain script '/home/aa/ujin/ros_ws/install/setup.ps1'
[1.529s] INFO:colcon.colcon_core.shell:Creating prefix script '/home/aa/ujin/ros_ws/install/local_setup.sh'
[1.530s] INFO:colcon.colcon_core.shell:Creating prefix util module '/home/aa/ujin/ros_ws/install/_local_setup_util_sh.py'
[1.530s] INFO:colcon.colcon_core.shell:Creating prefix chain script '/home/aa/ujin/ros_ws/install/setup.sh'
[1.531s] INFO:colcon.colcon_core.shell:Creating prefix script '/home/aa/ujin/ros_ws/install/local_setup.bash'
[1.532s] INFO:colcon.colcon_core.shell:Creating prefix chain script '/home/aa/ujin/ros_ws/install/setup.bash'
[1.533s] INFO:colcon.colcon_core.shell:Creating prefix script '/home/aa/ujin/ros_ws/install/local_setup.zsh'
[1.533s] INFO:colcon.colcon_core.shell:Creating prefix chain script '/home/aa/ujin/ros_ws/install/setup.zsh'
