[1.646s] Invoking command in '/home/aa/ujin/ros_ws/build/ujin_basic': PYTHONPATH=/home/aa/ujin/ros_ws/build/ujin_basic/prefix_override:/usr/lib/python3/dist-packages/colcon_core/task/python/colcon_distutils_commands:/home/aa/ujin/ros_ws/install/ujin_basic/lib/python3.12/site-packages:${PYTHONPATH} /usr/bin/python3 -W ignore:setup.py install is deprecated -W ignore:easy_install command is deprecated setup.py develop --editable --build-directory /home/aa/ujin/ros_ws/build/ujin_basic/build --no-deps symlink_data
[1.978s] running develop
[2.160s] running egg_info
[2.180s] writing ujin_basic.egg-info/PKG-INFO
[2.181s] writing dependency_links to ujin_basic.egg-info/dependency_links.txt
[2.181s] writing entry points to ujin_basic.egg-info/entry_points.txt
[2.181s] writing requirements to ujin_basic.egg-info/requires.txt
[2.181s] writing top-level names to ujin_basic.egg-info/top_level.txt
[2.212s] reading manifest file 'ujin_basic.egg-info/SOURCES.txt'
[2.213s] writing manifest file 'ujin_basic.egg-info/SOURCES.txt'
[2.227s] running build_ext
[2.227s] Creating /home/aa/ujin/ros_ws/install/ujin_basic/lib/python3.12/site-packages/ujin-basic.egg-link (link to .)
[2.229s] Installing class_pub script to /home/aa/ujin/ros_ws/install/ujin_basic/lib/ujin_basic
[2.230s] Installing class_sub script to /home/aa/ujin/ros_ws/install/ujin_basic/lib/ujin_basic
[2.230s] Installing header_pub script to /home/aa/ujin/ros_ws/install/ujin_basic/lib/ujin_basic
[2.231s] Installing simple_pub script to /home/aa/ujin/ros_ws/install/ujin_basic/lib/ujin_basic
[2.231s] 
[2.231s] Installed /home/aa/ujin/ros_ws/build/ujin_basic
[2.231s] running symlink_data
[2.272s] Invoked command in '/home/aa/ujin/ros_ws/build/ujin_basic' returned '0': PYTHONPATH=/home/aa/ujin/ros_ws/build/ujin_basic/prefix_override:/usr/lib/python3/dist-packages/colcon_core/task/python/colcon_distutils_commands:/home/aa/ujin/ros_ws/install/ujin_basic/lib/python3.12/site-packages:${PYTHONPATH} /usr/bin/python3 -W ignore:setup.py install is deprecated -W ignore:easy_install command is deprecated setup.py develop --editable --build-directory /home/aa/ujin/ros_ws/build/ujin_basic/build --no-deps symlink_data
