[1.762s] Invoking command in '/home/aa/ujin/ros_ws/build/ujin_basic': PYTHONPATH=/home/aa/ujin/ros_ws/build/ujin_basic/prefix_override:/usr/lib/python3/dist-packages/colcon_core/task/python/colcon_distutils_commands:/home/aa/ujin/ros_ws/install/ujin_basic/lib/python3.12/site-packages:${PYTHONPATH} /usr/bin/python3 -W ignore:setup.py install is deprecated -W ignore:easy_install command is deprecated setup.py develop --editable --build-directory /home/aa/ujin/ros_ws/build/ujin_basic/build --no-deps symlink_data
[2.137s] running develop
[2.314s] running egg_info
[2.330s] writing ujin_basic.egg-info/PKG-INFO
[2.331s] writing dependency_links to ujin_basic.egg-info/dependency_links.txt
[2.331s] writing entry points to ujin_basic.egg-info/entry_points.txt
[2.332s] writing requirements to ujin_basic.egg-info/requires.txt
[2.332s] writing top-level names to ujin_basic.egg-info/top_level.txt
[2.370s] reading manifest file 'ujin_basic.egg-info/SOURCES.txt'
[2.371s] writing manifest file 'ujin_basic.egg-info/SOURCES.txt'
[2.388s] running build_ext
[2.389s] Creating /home/aa/ujin/ros_ws/install/ujin_basic/lib/python3.12/site-packages/ujin-basic.egg-link (link to .)
[2.390s] Installing class_pub script to /home/aa/ujin/ros_ws/install/ujin_basic/lib/ujin_basic
[2.391s] Installing class_sub script to /home/aa/ujin/ros_ws/install/ujin_basic/lib/ujin_basic
[2.392s] Installing header_pub script to /home/aa/ujin/ros_ws/install/ujin_basic/lib/ujin_basic
[2.392s] Installing simple_pub script to /home/aa/ujin/ros_ws/install/ujin_basic/lib/ujin_basic
[2.393s] 
[2.393s] Installed /home/aa/ujin/ros_ws/build/ujin_basic
[2.393s] running symlink_data
[2.425s] Invoked command in '/home/aa/ujin/ros_ws/build/ujin_basic' returned '0': PYTHONPATH=/home/aa/ujin/ros_ws/build/ujin_basic/prefix_override:/usr/lib/python3/dist-packages/colcon_core/task/python/colcon_distutils_commands:/home/aa/ujin/ros_ws/install/ujin_basic/lib/python3.12/site-packages:${PYTHONPATH} /usr/bin/python3 -W ignore:setup.py install is deprecated -W ignore:easy_install command is deprecated setup.py develop --editable --build-directory /home/aa/ujin/ros_ws/build/ujin_basic/build --no-deps symlink_data
